03:36:32,411 DEBUG ClasspathKieProject:400 - KieModule URL type=file url=/C:/Users/luisr/workspace/botox-drugs-scenario/target/classes
03:36:32,656  WARN ClasspathKieProject:289 - Unable to find pom.properties in /C:/Users/luisr/workspace/botox-drugs-scenario/target/classes
03:36:32,665  INFO ClasspathKieProject:331 - Recursed up folders, found and used pom.xml C:\Users\luisr\workspace\botox-drugs-scenario\pom.xml
03:36:32,668 DEBUG ClasspathKieProject:118 - Discovered classpath module botox-drugs-scenario:co.pextra:0.0.1-SNAPSHOT
03:36:32,673  INFO KieRepositoryImpl:113 - KieModule was added: FileKieModule[releaseId=botox-drugs-scenario:co.pextra:0.0.1-SNAPSHOT,file=C:\Users\luisr\workspace\botox-drugs-scenario\target\classes]
03:36:32,674  INFO ClasspathKieProject:131 - Found kmodule: jar:file:/C:/Users/luisr/.m2/repository/br/ufes/inf/lprm/scene-core/1.1.1/scene-core-1.1.1.jar!/META-INF/kmodule.xml
03:36:32,674 DEBUG ClasspathKieProject:400 - KieModule URL type=jar url=/C:/Users/luisr/.m2/repository/br/ufes/inf/lprm/scene-core/1.1.1/scene-core-1.1.1.jar
03:36:32,681  WARN ClasspathKieProject:261 - Unable to find pom.properties in /C:/Users/luisr/.m2/repository/br/ufes/inf/lprm/scene-core/1.1.1/scene-core-1.1.1.jar
03:36:32,681  WARN ClasspathKieProject:231 - Unable to load pom.properties from/C:/Users/luisr/.m2/repository/br/ufes/inf/lprm/scene-core/1.1.1/scene-core-1.1.1.jar
03:36:32,682  WARN ClasspathKieProject:185 - Cannot find maven pom properties for this project. Using the container's default ReleaseId
03:36:32,686 DEBUG ClasspathKieProject:118 - Discovered classpath module org.default:artifact:1.0.0-SNAPSHOT
03:36:32,687  INFO KieRepositoryImpl:113 - KieModule was added: ZipKieModule[releaseId=org.default:artifact:1.0.0-SNAPSHOT,file=C:\Users\luisr\.m2\repository\br\ufes\inf\lprm\scene-core\1.1.1\scene-core-1.1.1.jar]
03:36:35,105 DEBUG DataTransformerRegistry:88 - Registered scripting language http://www.java.com/nashorn with instance org.jbpm.process.core.transformation.JavaScriptingDataTransformer@62b3df3a
03:36:35,105 DEBUG DataTransformerRegistry:88 - Registered scripting language http://www.java.com/Nashorn with instance org.jbpm.process.core.transformation.JavaScriptingDataTransformer@62b3df3a
03:36:35,106 DEBUG DataTransformerRegistry:88 - Registered scripting language http://www.java.com/js with instance org.jbpm.process.core.transformation.JavaScriptingDataTransformer@62b3df3a
03:36:35,107 DEBUG DataTransformerRegistry:88 - Registered scripting language http://www.java.com/JS with instance org.jbpm.process.core.transformation.JavaScriptingDataTransformer@62b3df3a
03:36:35,108 DEBUG DataTransformerRegistry:88 - Registered scripting language http://www.java.com/JavaScript with instance org.jbpm.process.core.transformation.JavaScriptingDataTransformer@62b3df3a
03:36:35,108 DEBUG DataTransformerRegistry:88 - Registered scripting language http://www.java.com/javascript with instance org.jbpm.process.core.transformation.JavaScriptingDataTransformer@62b3df3a
03:36:35,108 DEBUG DataTransformerRegistry:88 - Registered scripting language http://www.java.com/ECMAScript with instance org.jbpm.process.core.transformation.JavaScriptingDataTransformer@62b3df3a
03:36:35,109 DEBUG DataTransformerRegistry:88 - Registered scripting language http://www.java.com/ecmascript with instance org.jbpm.process.core.transformation.JavaScriptingDataTransformer@62b3df3a
03:36:35,324 ERROR AbstractKieModule:250 - Unable to build KieBaseModel:botox-drugs-scenario
Unable to Analyse Expression sensor_id == sensor.sensor_id:
[Error: unable to resolve method using strict-mode: co.pextra.botox.TemperatureEvent.sensor_id()]
[Near : {... sensor_id == sensor.sensor_id ....}]
             ^
[Line: 25, Column: 10] : [Rule name='Ocorreram 3 mudanças de temperatura com o mesmo sensor em um intervalo de 2 minutos']

Unable to Analyse Expression sensor_id == sensor.sensor_id:
[Error: unable to resolve method using strict-mode: co.pextra.botox.TemperatureEvent.sensor_id()]
[Near : {... sensor_id == sensor.sensor_id ....}]
             ^
[Line: 38, Column: 10] : [Rule name='More than 5 high temperatures in two minutes for a sensor of temperature']

Unable to Analyse Expression data.getTemperature():
[Error: unable to resolve method using strict-mode: co.pextra.botox.TemperatureEvent.data()]
[Near : {... data.getTemperature() ....}]
             ^
[Line: 38, Column: 10] : [Rule name='More than 5 high temperatures in two minutes for a sensor of temperature']

Unable to analyze expression 'data.getTemperature()' : [Rule name='More than 5 high temperatures in two minutes for a sensor of temperature']

Unable to Analyse Expression data.getTemperature() > -3:
[Error: unable to resolve method using strict-mode: co.pextra.botox.TemperatureEvent.data()]
[Near : {... data.getTemperature() > -3 ....}]
             ^
[Line: 38, Column: 10] : [Rule name='More than 5 high temperatures in two minutes for a sensor of temperature']

Unable to Analyse Expression sensor_id == sensor.sensor_id:
[Error: unable to resolve method using strict-mode: co.pextra.botox.TemperatureEvent.sensor_id()]
[Near : {... sensor_id == sensor.sensor_id ....}]
             ^
[Line: 51, Column: 10] : [Rule name='More than 10 high temperatures in two minutes for a sensor of temperature']

Unable to Analyse Expression data.getTemperature():
[Error: unable to resolve method using strict-mode: co.pextra.botox.TemperatureEvent.data()]
[Near : {... data.getTemperature() ....}]
             ^
[Line: 51, Column: 10] : [Rule name='More than 10 high temperatures in two minutes for a sensor of temperature']

Unable to analyze expression 'data.getTemperature()' : [Rule name='More than 10 high temperatures in two minutes for a sensor of temperature']

Unable to Analyse Expression data.getTemperature() > 0:
[Error: unable to resolve method using strict-mode: co.pextra.botox.TemperatureEvent.data()]
[Near : {... data.getTemperature() > 0 ....}]
             ^
[Line: 51, Column: 10] : [Rule name='More than 10 high temperatures in two minutes for a sensor of temperature']


03:36:35,557  INFO RuleTest:70 - Message [id=1, kieBase=botox-drugs-scenario, level=ERROR, path=BotoxDrugsScenario.drl, line=25, column=0
   text=Unable to Analyse Expression sensor_id == sensor.sensor_id:
[Error: unable to resolve method using strict-mode: co.pextra.botox.TemperatureEvent.sensor_id()]
[Near : {... sensor_id == sensor.sensor_id ....}]
             ^
[Line: 25, Column: 10]]
03:36:35,557  INFO RuleTest:70 - Message [id=2, kieBase=botox-drugs-scenario, level=ERROR, path=BotoxDrugsScenario.drl, line=38, column=0
   text=Unable to Analyse Expression sensor_id == sensor.sensor_id:
[Error: unable to resolve method using strict-mode: co.pextra.botox.TemperatureEvent.sensor_id()]
[Near : {... sensor_id == sensor.sensor_id ....}]
             ^
[Line: 38, Column: 10]]
03:36:35,558  INFO RuleTest:70 - Message [id=3, kieBase=botox-drugs-scenario, level=ERROR, path=BotoxDrugsScenario.drl, line=38, column=0
   text=Unable to Analyse Expression data.getTemperature():
[Error: unable to resolve method using strict-mode: co.pextra.botox.TemperatureEvent.data()]
[Near : {... data.getTemperature() ....}]
             ^
[Line: 38, Column: 10]]
03:36:35,558  INFO RuleTest:70 - Message [id=4, kieBase=botox-drugs-scenario, level=ERROR, path=BotoxDrugsScenario.drl, line=38, column=0
   text=Unable to analyze expression 'data.getTemperature()']
03:36:35,559  INFO RuleTest:70 - Message [id=5, kieBase=botox-drugs-scenario, level=ERROR, path=BotoxDrugsScenario.drl, line=38, column=0
   text=Unable to Analyse Expression data.getTemperature() > -3:
[Error: unable to resolve method using strict-mode: co.pextra.botox.TemperatureEvent.data()]
[Near : {... data.getTemperature() > -3 ....}]
             ^
[Line: 38, Column: 10]]
03:36:35,559  INFO RuleTest:70 - Message [id=6, kieBase=botox-drugs-scenario, level=ERROR, path=BotoxDrugsScenario.drl, line=51, column=0
   text=Unable to Analyse Expression sensor_id == sensor.sensor_id:
[Error: unable to resolve method using strict-mode: co.pextra.botox.TemperatureEvent.sensor_id()]
[Near : {... sensor_id == sensor.sensor_id ....}]
             ^
[Line: 51, Column: 10]]
03:36:35,560  INFO RuleTest:70 - Message [id=7, kieBase=botox-drugs-scenario, level=ERROR, path=BotoxDrugsScenario.drl, line=51, column=0
   text=Unable to Analyse Expression data.getTemperature():
[Error: unable to resolve method using strict-mode: co.pextra.botox.TemperatureEvent.data()]
[Near : {... data.getTemperature() ....}]
             ^
[Line: 51, Column: 10]]
03:36:35,561  INFO RuleTest:70 - Message [id=8, kieBase=botox-drugs-scenario, level=ERROR, path=BotoxDrugsScenario.drl, line=51, column=0
   text=Unable to analyze expression 'data.getTemperature()']
03:36:35,562  INFO RuleTest:70 - Message [id=9, kieBase=botox-drugs-scenario, level=ERROR, path=BotoxDrugsScenario.drl, line=51, column=0
   text=Unable to Analyse Expression data.getTemperature() > 0:
[Error: unable to resolve method using strict-mode: co.pextra.botox.TemperatureEvent.data()]
[Near : {... data.getTemperature() > 0 ....}]
             ^
[Line: 51, Column: 10]]
03:36:35,562  INFO RuleTest:73 - Creating kieBase
03:36:35,615 DEBUG KnowledgeBaseImpl:196 - Starting Engine in PHREAK mode
03:36:35,641  INFO RuleTest:79 - There should be rules: 
03:36:35,642  INFO RuleTest:86 - Creating kieSession
03:36:35,689  INFO RuleTest:96 - Now running data
03:36:35,692 DEBUG SCENELogger:20 - INSERT - co.pextra.botox.Sensor@dffa30b
03:36:35,692 DEBUG SCENELogger:20 - INSERT - co.pextra.botox.Sensor@27b71f50
03:36:35,692 DEBUG SCENELogger:20 - INSERT - co.pextra.botox.Sensor@383790cf
03:36:35,693 DEBUG SCENELogger:20 - INSERT - co.pextra.botox.Sensor@74971ed9
03:36:35,693 DEBUG SCENELogger:20 - INSERT - co.pextra.botox.Sensor@131fcb6f
03:36:35,693  INFO RuleTest:150 - Final checks
03:37:51,827  INFO ClasspathKieProject:131 - Found kmodule: file:/C:/Users/luisr/workspace/botox-drugs-scenario/target/classes/META-INF/kmodule.xml
03:37:51,832 DEBUG ClasspathKieProject:400 - KieModule URL type=file url=/C:/Users/luisr/workspace/botox-drugs-scenario/target/classes
03:37:52,079  WARN ClasspathKieProject:289 - Unable to find pom.properties in /C:/Users/luisr/workspace/botox-drugs-scenario/target/classes
03:37:52,090  INFO ClasspathKieProject:331 - Recursed up folders, found and used pom.xml C:\Users\luisr\workspace\botox-drugs-scenario\pom.xml
03:37:52,092 DEBUG ClasspathKieProject:118 - Discovered classpath module botox-drugs-scenario:co.pextra:0.0.1-SNAPSHOT
03:37:52,097  INFO KieRepositoryImpl:113 - KieModule was added: FileKieModule[releaseId=botox-drugs-scenario:co.pextra:0.0.1-SNAPSHOT,file=C:\Users\luisr\workspace\botox-drugs-scenario\target\classes]
03:37:52,098  INFO ClasspathKieProject:131 - Found kmodule: jar:file:/C:/Users/luisr/.m2/repository/br/ufes/inf/lprm/scene-core/1.1.1/scene-core-1.1.1.jar!/META-INF/kmodule.xml
03:37:52,098 DEBUG ClasspathKieProject:400 - KieModule URL type=jar url=/C:/Users/luisr/.m2/repository/br/ufes/inf/lprm/scene-core/1.1.1/scene-core-1.1.1.jar
03:37:52,105  WARN ClasspathKieProject:261 - Unable to find pom.properties in /C:/Users/luisr/.m2/repository/br/ufes/inf/lprm/scene-core/1.1.1/scene-core-1.1.1.jar
03:37:52,106  WARN ClasspathKieProject:231 - Unable to load pom.properties from/C:/Users/luisr/.m2/repository/br/ufes/inf/lprm/scene-core/1.1.1/scene-core-1.1.1.jar
03:37:52,106  WARN ClasspathKieProject:185 - Cannot find maven pom properties for this project. Using the container's default ReleaseId
03:37:52,111 DEBUG ClasspathKieProject:118 - Discovered classpath module org.default:artifact:1.0.0-SNAPSHOT
03:37:52,111  INFO KieRepositoryImpl:113 - KieModule was added: ZipKieModule[releaseId=org.default:artifact:1.0.0-SNAPSHOT,file=C:\Users\luisr\.m2\repository\br\ufes\inf\lprm\scene-core\1.1.1\scene-core-1.1.1.jar]
03:37:54,532 DEBUG DataTransformerRegistry:88 - Registered scripting language http://www.java.com/nashorn with instance org.jbpm.process.core.transformation.JavaScriptingDataTransformer@62b3df3a
03:37:54,532 DEBUG DataTransformerRegistry:88 - Registered scripting language http://www.java.com/Nashorn with instance org.jbpm.process.core.transformation.JavaScriptingDataTransformer@62b3df3a
03:37:54,533 DEBUG DataTransformerRegistry:88 - Registered scripting language http://www.java.com/js with instance org.jbpm.process.core.transformation.JavaScriptingDataTransformer@62b3df3a
03:37:54,535 DEBUG DataTransformerRegistry:88 - Registered scripting language http://www.java.com/JS with instance org.jbpm.process.core.transformation.JavaScriptingDataTransformer@62b3df3a
03:37:54,535 DEBUG DataTransformerRegistry:88 - Registered scripting language http://www.java.com/JavaScript with instance org.jbpm.process.core.transformation.JavaScriptingDataTransformer@62b3df3a
03:37:54,535 DEBUG DataTransformerRegistry:88 - Registered scripting language http://www.java.com/javascript with instance org.jbpm.process.core.transformation.JavaScriptingDataTransformer@62b3df3a
03:37:54,536 DEBUG DataTransformerRegistry:88 - Registered scripting language http://www.java.com/ECMAScript with instance org.jbpm.process.core.transformation.JavaScriptingDataTransformer@62b3df3a
03:37:54,536 DEBUG DataTransformerRegistry:88 - Registered scripting language http://www.java.com/ecmascript with instance org.jbpm.process.core.transformation.JavaScriptingDataTransformer@62b3df3a
03:37:54,729 ERROR AbstractKieModule:250 - Unable to build KieBaseModel:botox-drugs-scenario
Unable to Analyse Expression sensor_id == sensor.sensor_id:
[Error: unable to resolve method using strict-mode: co.pextra.botox.TemperatureEvent.sensor_id()]
[Near : {... sensor_id == sensor.sensor_id ....}]
             ^
[Line: 25, Column: 10] : [Rule name='Ocorreram 3 mudanças de temperatura com o mesmo sensor em um intervalo de 2 minutos']

Unable to Analyse Expression sensor_id == sensor.sensor_id:
[Error: unable to resolve method using strict-mode: co.pextra.botox.TemperatureEvent.sensor_id()]
[Near : {... sensor_id == sensor.sensor_id ....}]
             ^
[Line: 38, Column: 10] : [Rule name='More than 5 high temperatures in two minutes for a sensor of temperature']

Unable to Analyse Expression data.getTemperature():
[Error: unable to resolve method using strict-mode: co.pextra.botox.TemperatureEvent.data()]
[Near : {... data.getTemperature() ....}]
             ^
[Line: 38, Column: 10] : [Rule name='More than 5 high temperatures in two minutes for a sensor of temperature']

Unable to analyze expression 'data.getTemperature()' : [Rule name='More than 5 high temperatures in two minutes for a sensor of temperature']

Unable to Analyse Expression data.getTemperature() > -3:
[Error: unable to resolve method using strict-mode: co.pextra.botox.TemperatureEvent.data()]
[Near : {... data.getTemperature() > -3 ....}]
             ^
[Line: 38, Column: 10] : [Rule name='More than 5 high temperatures in two minutes for a sensor of temperature']

Unable to Analyse Expression sensor_id == sensor.sensor_id:
[Error: unable to resolve method using strict-mode: co.pextra.botox.TemperatureEvent.sensor_id()]
[Near : {... sensor_id == sensor.sensor_id ....}]
             ^
[Line: 51, Column: 10] : [Rule name='More than 10 high temperatures in two minutes for a sensor of temperature']

Unable to Analyse Expression data.getTemperature():
[Error: unable to resolve method using strict-mode: co.pextra.botox.TemperatureEvent.data()]
[Near : {... data.getTemperature() ....}]
             ^
[Line: 51, Column: 10] : [Rule name='More than 10 high temperatures in two minutes for a sensor of temperature']

Unable to analyze expression 'data.getTemperature()' : [Rule name='More than 10 high temperatures in two minutes for a sensor of temperature']

Unable to Analyse Expression data.getTemperature() > 0:
[Error: unable to resolve method using strict-mode: co.pextra.botox.TemperatureEvent.data()]
[Near : {... data.getTemperature() > 0 ....}]
             ^
[Line: 51, Column: 10] : [Rule name='More than 10 high temperatures in two minutes for a sensor of temperature']


03:37:54,953  INFO RuleTest:70 - Message [id=1, kieBase=botox-drugs-scenario, level=ERROR, path=BotoxDrugsScenario.drl, line=25, column=0
   text=Unable to Analyse Expression sensor_id == sensor.sensor_id:
[Error: unable to resolve method using strict-mode: co.pextra.botox.TemperatureEvent.sensor_id()]
[Near : {... sensor_id == sensor.sensor_id ....}]
             ^
[Line: 25, Column: 10]]
03:37:54,954  INFO RuleTest:70 - Message [id=2, kieBase=botox-drugs-scenario, level=ERROR, path=BotoxDrugsScenario.drl, line=38, column=0
   text=Unable to Analyse Expression sensor_id == sensor.sensor_id:
[Error: unable to resolve method using strict-mode: co.pextra.botox.TemperatureEvent.sensor_id()]
[Near : {... sensor_id == sensor.sensor_id ....}]
             ^
[Line: 38, Column: 10]]
03:37:54,954  INFO RuleTest:70 - Message [id=3, kieBase=botox-drugs-scenario, level=ERROR, path=BotoxDrugsScenario.drl, line=38, column=0
   text=Unable to Analyse Expression data.getTemperature():
[Error: unable to resolve method using strict-mode: co.pextra.botox.TemperatureEvent.data()]
[Near : {... data.getTemperature() ....}]
             ^
[Line: 38, Column: 10]]
03:37:54,954  INFO RuleTest:70 - Message [id=4, kieBase=botox-drugs-scenario, level=ERROR, path=BotoxDrugsScenario.drl, line=38, column=0
   text=Unable to analyze expression 'data.getTemperature()']
03:37:54,954  INFO RuleTest:70 - Message [id=5, kieBase=botox-drugs-scenario, level=ERROR, path=BotoxDrugsScenario.drl, line=38, column=0
   text=Unable to Analyse Expression data.getTemperature() > -3:
[Error: unable to resolve method using strict-mode: co.pextra.botox.TemperatureEvent.data()]
[Near : {... data.getTemperature() > -3 ....}]
             ^
[Line: 38, Column: 10]]
03:37:54,954  INFO RuleTest:70 - Message [id=6, kieBase=botox-drugs-scenario, level=ERROR, path=BotoxDrugsScenario.drl, line=51, column=0
   text=Unable to Analyse Expression sensor_id == sensor.sensor_id:
[Error: unable to resolve method using strict-mode: co.pextra.botox.TemperatureEvent.sensor_id()]
[Near : {... sensor_id == sensor.sensor_id ....}]
             ^
[Line: 51, Column: 10]]
03:37:54,957  INFO RuleTest:70 - Message [id=7, kieBase=botox-drugs-scenario, level=ERROR, path=BotoxDrugsScenario.drl, line=51, column=0
   text=Unable to Analyse Expression data.getTemperature():
[Error: unable to resolve method using strict-mode: co.pextra.botox.TemperatureEvent.data()]
[Near : {... data.getTemperature() ....}]
             ^
[Line: 51, Column: 10]]
03:37:54,957  INFO RuleTest:70 - Message [id=8, kieBase=botox-drugs-scenario, level=ERROR, path=BotoxDrugsScenario.drl, line=51, column=0
   text=Unable to analyze expression 'data.getTemperature()']
03:37:54,958  INFO RuleTest:70 - Message [id=9, kieBase=botox-drugs-scenario, level=ERROR, path=BotoxDrugsScenario.drl, line=51, column=0
   text=Unable to Analyse Expression data.getTemperature() > 0:
[Error: unable to resolve method using strict-mode: co.pextra.botox.TemperatureEvent.data()]
[Near : {... data.getTemperature() > 0 ....}]
             ^
[Line: 51, Column: 10]]
03:37:54,958  INFO RuleTest:73 - Creating kieBase
03:37:54,999 DEBUG KnowledgeBaseImpl:196 - Starting Engine in PHREAK mode
03:37:55,022  INFO RuleTest:79 - There should be rules: 
03:37:55,023  INFO RuleTest:86 - Creating kieSession
03:37:55,077  INFO RuleTest:96 - Now running data
03:37:55,081 DEBUG SCENELogger:20 - INSERT - co.pextra.botox.Sensor@dffa30b
03:37:55,081 DEBUG SCENELogger:20 - INSERT - co.pextra.botox.Sensor@27b71f50
03:37:55,081 DEBUG SCENELogger:20 - INSERT - co.pextra.botox.Sensor@383790cf
03:37:55,081 DEBUG SCENELogger:20 - INSERT - co.pextra.botox.Sensor@74971ed9
03:37:55,081 DEBUG SCENELogger:20 - INSERT - co.pextra.botox.Sensor@131fcb6f
03:37:55,081  INFO RuleTest:151 - Final checks
03:38:25,820  INFO ClasspathKieProject:131 - Found kmodule: file:/C:/Users/luisr/workspace/botox-drugs-scenario/target/classes/META-INF/kmodule.xml
03:38:25,825 DEBUG ClasspathKieProject:400 - KieModule URL type=file url=/C:/Users/luisr/workspace/botox-drugs-scenario/target/classes
03:38:26,035  WARN ClasspathKieProject:289 - Unable to find pom.properties in /C:/Users/luisr/workspace/botox-drugs-scenario/target/classes
03:38:26,044  INFO ClasspathKieProject:331 - Recursed up folders, found and used pom.xml C:\Users\luisr\workspace\botox-drugs-scenario\pom.xml
03:38:26,047 DEBUG ClasspathKieProject:118 - Discovered classpath module botox-drugs-scenario:co.pextra:0.0.1-SNAPSHOT
03:38:26,053  INFO KieRepositoryImpl:113 - KieModule was added: FileKieModule[releaseId=botox-drugs-scenario:co.pextra:0.0.1-SNAPSHOT,file=C:\Users\luisr\workspace\botox-drugs-scenario\target\classes]
03:38:26,054  INFO ClasspathKieProject:131 - Found kmodule: jar:file:/C:/Users/luisr/.m2/repository/br/ufes/inf/lprm/scene-core/1.1.1/scene-core-1.1.1.jar!/META-INF/kmodule.xml
03:38:26,054 DEBUG ClasspathKieProject:400 - KieModule URL type=jar url=/C:/Users/luisr/.m2/repository/br/ufes/inf/lprm/scene-core/1.1.1/scene-core-1.1.1.jar
03:38:26,064  WARN ClasspathKieProject:261 - Unable to find pom.properties in /C:/Users/luisr/.m2/repository/br/ufes/inf/lprm/scene-core/1.1.1/scene-core-1.1.1.jar
03:38:26,064  WARN ClasspathKieProject:231 - Unable to load pom.properties from/C:/Users/luisr/.m2/repository/br/ufes/inf/lprm/scene-core/1.1.1/scene-core-1.1.1.jar
03:38:26,064  WARN ClasspathKieProject:185 - Cannot find maven pom properties for this project. Using the container's default ReleaseId
03:38:26,069 DEBUG ClasspathKieProject:118 - Discovered classpath module org.default:artifact:1.0.0-SNAPSHOT
03:38:26,069  INFO KieRepositoryImpl:113 - KieModule was added: ZipKieModule[releaseId=org.default:artifact:1.0.0-SNAPSHOT,file=C:\Users\luisr\.m2\repository\br\ufes\inf\lprm\scene-core\1.1.1\scene-core-1.1.1.jar]
03:38:28,455 DEBUG DataTransformerRegistry:88 - Registered scripting language http://www.java.com/nashorn with instance org.jbpm.process.core.transformation.JavaScriptingDataTransformer@62b3df3a
03:38:28,455 DEBUG DataTransformerRegistry:88 - Registered scripting language http://www.java.com/Nashorn with instance org.jbpm.process.core.transformation.JavaScriptingDataTransformer@62b3df3a
03:38:28,456 DEBUG DataTransformerRegistry:88 - Registered scripting language http://www.java.com/js with instance org.jbpm.process.core.transformation.JavaScriptingDataTransformer@62b3df3a
03:38:28,458 DEBUG DataTransformerRegistry:88 - Registered scripting language http://www.java.com/JS with instance org.jbpm.process.core.transformation.JavaScriptingDataTransformer@62b3df3a
03:38:28,458 DEBUG DataTransformerRegistry:88 - Registered scripting language http://www.java.com/JavaScript with instance org.jbpm.process.core.transformation.JavaScriptingDataTransformer@62b3df3a
03:38:28,458 DEBUG DataTransformerRegistry:88 - Registered scripting language http://www.java.com/javascript with instance org.jbpm.process.core.transformation.JavaScriptingDataTransformer@62b3df3a
03:38:28,459 DEBUG DataTransformerRegistry:88 - Registered scripting language http://www.java.com/ECMAScript with instance org.jbpm.process.core.transformation.JavaScriptingDataTransformer@62b3df3a
03:38:28,459 DEBUG DataTransformerRegistry:88 - Registered scripting language http://www.java.com/ecmascript with instance org.jbpm.process.core.transformation.JavaScriptingDataTransformer@62b3df3a
03:38:28,653 ERROR AbstractKieModule:250 - Unable to build KieBaseModel:botox-drugs-scenario
Unable to Analyse Expression sensor_id == sensor.sensor_id:
[Error: unable to resolve method using strict-mode: co.pextra.botox.TemperatureEvent.sensor_id()]
[Near : {... sensor_id == sensor.sensor_id ....}]
             ^
[Line: 25, Column: 10] : [Rule name='Ocorreram 3 mudanças de temperatura com o mesmo sensor em um intervalo de 2 minutos']

Unable to Analyse Expression sensor_id == sensor.sensor_id:
[Error: unable to resolve method using strict-mode: co.pextra.botox.TemperatureEvent.sensor_id()]
[Near : {... sensor_id == sensor.sensor_id ....}]
             ^
[Line: 38, Column: 10] : [Rule name='More than 5 high temperatures in two minutes for a sensor of temperature']

Unable to Analyse Expression data.getTemperature():
[Error: unable to resolve method using strict-mode: co.pextra.botox.TemperatureEvent.data()]
[Near : {... data.getTemperature() ....}]
             ^
[Line: 38, Column: 10] : [Rule name='More than 5 high temperatures in two minutes for a sensor of temperature']

Unable to analyze expression 'data.getTemperature()' : [Rule name='More than 5 high temperatures in two minutes for a sensor of temperature']

Unable to Analyse Expression data.getTemperature() > -3:
[Error: unable to resolve method using strict-mode: co.pextra.botox.TemperatureEvent.data()]
[Near : {... data.getTemperature() > -3 ....}]
             ^
[Line: 38, Column: 10] : [Rule name='More than 5 high temperatures in two minutes for a sensor of temperature']

Unable to Analyse Expression sensor_id == sensor.sensor_id:
[Error: unable to resolve method using strict-mode: co.pextra.botox.TemperatureEvent.sensor_id()]
[Near : {... sensor_id == sensor.sensor_id ....}]
             ^
[Line: 51, Column: 10] : [Rule name='More than 10 high temperatures in two minutes for a sensor of temperature']

Unable to Analyse Expression data.getTemperature():
[Error: unable to resolve method using strict-mode: co.pextra.botox.TemperatureEvent.data()]
[Near : {... data.getTemperature() ....}]
             ^
[Line: 51, Column: 10] : [Rule name='More than 10 high temperatures in two minutes for a sensor of temperature']

Unable to analyze expression 'data.getTemperature()' : [Rule name='More than 10 high temperatures in two minutes for a sensor of temperature']

Unable to Analyse Expression data.getTemperature() > 0:
[Error: unable to resolve method using strict-mode: co.pextra.botox.TemperatureEvent.data()]
[Near : {... data.getTemperature() > 0 ....}]
             ^
[Line: 51, Column: 10] : [Rule name='More than 10 high temperatures in two minutes for a sensor of temperature']


03:38:28,895  INFO RuleTest:70 - Message [id=1, kieBase=botox-drugs-scenario, level=ERROR, path=BotoxDrugsScenario.drl, line=25, column=0
   text=Unable to Analyse Expression sensor_id == sensor.sensor_id:
[Error: unable to resolve method using strict-mode: co.pextra.botox.TemperatureEvent.sensor_id()]
[Near : {... sensor_id == sensor.sensor_id ....}]
             ^
[Line: 25, Column: 10]]
03:38:28,895  INFO RuleTest:70 - Message [id=2, kieBase=botox-drugs-scenario, level=ERROR, path=BotoxDrugsScenario.drl, line=38, column=0
   text=Unable to Analyse Expression sensor_id == sensor.sensor_id:
[Error: unable to resolve method using strict-mode: co.pextra.botox.TemperatureEvent.sensor_id()]
[Near : {... sensor_id == sensor.sensor_id ....}]
             ^
[Line: 38, Column: 10]]
03:38:28,896  INFO RuleTest:70 - Message [id=3, kieBase=botox-drugs-scenario, level=ERROR, path=BotoxDrugsScenario.drl, line=38, column=0
   text=Unable to Analyse Expression data.getTemperature():
[Error: unable to resolve method using strict-mode: co.pextra.botox.TemperatureEvent.data()]
[Near : {... data.getTemperature() ....}]
             ^
[Line: 38, Column: 10]]
03:38:28,896  INFO RuleTest:70 - Message [id=4, kieBase=botox-drugs-scenario, level=ERROR, path=BotoxDrugsScenario.drl, line=38, column=0
   text=Unable to analyze expression 'data.getTemperature()']
03:38:28,897  INFO RuleTest:70 - Message [id=5, kieBase=botox-drugs-scenario, level=ERROR, path=BotoxDrugsScenario.drl, line=38, column=0
   text=Unable to Analyse Expression data.getTemperature() > -3:
[Error: unable to resolve method using strict-mode: co.pextra.botox.TemperatureEvent.data()]
[Near : {... data.getTemperature() > -3 ....}]
             ^
[Line: 38, Column: 10]]
03:38:28,897  INFO RuleTest:70 - Message [id=6, kieBase=botox-drugs-scenario, level=ERROR, path=BotoxDrugsScenario.drl, line=51, column=0
   text=Unable to Analyse Expression sensor_id == sensor.sensor_id:
[Error: unable to resolve method using strict-mode: co.pextra.botox.TemperatureEvent.sensor_id()]
[Near : {... sensor_id == sensor.sensor_id ....}]
             ^
[Line: 51, Column: 10]]
03:38:28,898  INFO RuleTest:70 - Message [id=7, kieBase=botox-drugs-scenario, level=ERROR, path=BotoxDrugsScenario.drl, line=51, column=0
   text=Unable to Analyse Expression data.getTemperature():
[Error: unable to resolve method using strict-mode: co.pextra.botox.TemperatureEvent.data()]
[Near : {... data.getTemperature() ....}]
             ^
[Line: 51, Column: 10]]
03:38:28,898  INFO RuleTest:70 - Message [id=8, kieBase=botox-drugs-scenario, level=ERROR, path=BotoxDrugsScenario.drl, line=51, column=0
   text=Unable to analyze expression 'data.getTemperature()']
03:38:28,898  INFO RuleTest:70 - Message [id=9, kieBase=botox-drugs-scenario, level=ERROR, path=BotoxDrugsScenario.drl, line=51, column=0
   text=Unable to Analyse Expression data.getTemperature() > 0:
[Error: unable to resolve method using strict-mode: co.pextra.botox.TemperatureEvent.data()]
[Near : {... data.getTemperature() > 0 ....}]
             ^
[Line: 51, Column: 10]]
03:38:28,898  INFO RuleTest:73 - Creating kieBase
03:38:28,943 DEBUG KnowledgeBaseImpl:196 - Starting Engine in PHREAK mode
03:38:28,967  INFO RuleTest:79 - There should be rules: 
03:38:28,968  INFO RuleTest:86 - Creating kieSession
03:38:29,015  INFO RuleTest:96 - Now running data
03:38:29,018 DEBUG SCENELogger:20 - INSERT - co.pextra.botox.Sensor@dffa30b
03:38:29,018 DEBUG SCENELogger:20 - INSERT - co.pextra.botox.Sensor@27b71f50
03:38:29,018 DEBUG SCENELogger:20 - INSERT - co.pextra.botox.Sensor@383790cf
03:38:29,019 DEBUG SCENELogger:20 - INSERT - co.pextra.botox.Sensor@74971ed9
03:38:29,019 DEBUG SCENELogger:20 - INSERT - co.pextra.botox.Sensor@131fcb6f
03:38:29,019  INFO RuleTest:151 - Final checks
03:39:56,982  INFO ClasspathKieProject:131 - Found kmodule: file:/C:/Users/luisr/workspace/botox-drugs-scenario/target/classes/META-INF/kmodule.xml
03:39:56,988 DEBUG ClasspathKieProject:400 - KieModule URL type=file url=/C:/Users/luisr/workspace/botox-drugs-scenario/target/classes
03:39:57,284  WARN ClasspathKieProject:289 - Unable to find pom.properties in /C:/Users/luisr/workspace/botox-drugs-scenario/target/classes
03:39:57,297  INFO ClasspathKieProject:331 - Recursed up folders, found and used pom.xml C:\Users\luisr\workspace\botox-drugs-scenario\pom.xml
03:39:57,300 DEBUG ClasspathKieProject:118 - Discovered classpath module botox-drugs-scenario:co.pextra:0.0.1-SNAPSHOT
03:39:57,308  INFO KieRepositoryImpl:113 - KieModule was added: FileKieModule[releaseId=botox-drugs-scenario:co.pextra:0.0.1-SNAPSHOT,file=C:\Users\luisr\workspace\botox-drugs-scenario\target\classes]
03:39:57,310  INFO ClasspathKieProject:131 - Found kmodule: jar:file:/C:/Users/luisr/.m2/repository/br/ufes/inf/lprm/scene-core/1.1.1/scene-core-1.1.1.jar!/META-INF/kmodule.xml
03:39:57,310 DEBUG ClasspathKieProject:400 - KieModule URL type=jar url=/C:/Users/luisr/.m2/repository/br/ufes/inf/lprm/scene-core/1.1.1/scene-core-1.1.1.jar
03:39:57,319  WARN ClasspathKieProject:261 - Unable to find pom.properties in /C:/Users/luisr/.m2/repository/br/ufes/inf/lprm/scene-core/1.1.1/scene-core-1.1.1.jar
03:39:57,319  WARN ClasspathKieProject:231 - Unable to load pom.properties from/C:/Users/luisr/.m2/repository/br/ufes/inf/lprm/scene-core/1.1.1/scene-core-1.1.1.jar
03:39:57,319  WARN ClasspathKieProject:185 - Cannot find maven pom properties for this project. Using the container's default ReleaseId
03:39:57,324 DEBUG ClasspathKieProject:118 - Discovered classpath module org.default:artifact:1.0.0-SNAPSHOT
03:39:57,324  INFO KieRepositoryImpl:113 - KieModule was added: ZipKieModule[releaseId=org.default:artifact:1.0.0-SNAPSHOT,file=C:\Users\luisr\.m2\repository\br\ufes\inf\lprm\scene-core\1.1.1\scene-core-1.1.1.jar]
03:39:59,978 DEBUG DataTransformerRegistry:88 - Registered scripting language http://www.java.com/nashorn with instance org.jbpm.process.core.transformation.JavaScriptingDataTransformer@62b3df3a
03:39:59,978 DEBUG DataTransformerRegistry:88 - Registered scripting language http://www.java.com/Nashorn with instance org.jbpm.process.core.transformation.JavaScriptingDataTransformer@62b3df3a
03:39:59,978 DEBUG DataTransformerRegistry:88 - Registered scripting language http://www.java.com/js with instance org.jbpm.process.core.transformation.JavaScriptingDataTransformer@62b3df3a
03:39:59,980 DEBUG DataTransformerRegistry:88 - Registered scripting language http://www.java.com/JS with instance org.jbpm.process.core.transformation.JavaScriptingDataTransformer@62b3df3a
03:39:59,981 DEBUG DataTransformerRegistry:88 - Registered scripting language http://www.java.com/JavaScript with instance org.jbpm.process.core.transformation.JavaScriptingDataTransformer@62b3df3a
03:39:59,981 DEBUG DataTransformerRegistry:88 - Registered scripting language http://www.java.com/javascript with instance org.jbpm.process.core.transformation.JavaScriptingDataTransformer@62b3df3a
03:39:59,981 DEBUG DataTransformerRegistry:88 - Registered scripting language http://www.java.com/ECMAScript with instance org.jbpm.process.core.transformation.JavaScriptingDataTransformer@62b3df3a
03:39:59,981 DEBUG DataTransformerRegistry:88 - Registered scripting language http://www.java.com/ecmascript with instance org.jbpm.process.core.transformation.JavaScriptingDataTransformer@62b3df3a
03:40:00,206 ERROR AbstractKieModule:250 - Unable to build KieBaseModel:botox-drugs-scenario
Unable to Analyse Expression sensor_id == sensor.sensor_id:
[Error: unable to resolve method using strict-mode: co.pextra.botox.TemperatureEvent.sensor_id()]
[Near : {... sensor_id == sensor.sensor_id ....}]
             ^
[Line: 25, Column: 10] : [Rule name='Ocorreram 3 mudanças de temperatura com o mesmo sensor em um intervalo de 2 minutos']

Unable to Analyse Expression sensor_id == sensor.sensor_id:
[Error: unable to resolve method using strict-mode: co.pextra.botox.TemperatureEvent.sensor_id()]
[Near : {... sensor_id == sensor.sensor_id ....}]
             ^
[Line: 38, Column: 10] : [Rule name='More than 5 high temperatures in two minutes for a sensor of temperature']

Unable to Analyse Expression data.getTemperature():
[Error: unable to resolve method using strict-mode: co.pextra.botox.TemperatureEvent.data()]
[Near : {... data.getTemperature() ....}]
             ^
[Line: 38, Column: 10] : [Rule name='More than 5 high temperatures in two minutes for a sensor of temperature']

Unable to analyze expression 'data.getTemperature()' : [Rule name='More than 5 high temperatures in two minutes for a sensor of temperature']

Unable to Analyse Expression data.getTemperature() > -3:
[Error: unable to resolve method using strict-mode: co.pextra.botox.TemperatureEvent.data()]
[Near : {... data.getTemperature() > -3 ....}]
             ^
[Line: 38, Column: 10] : [Rule name='More than 5 high temperatures in two minutes for a sensor of temperature']

Unable to Analyse Expression sensor_id == sensor.sensor_id:
[Error: unable to resolve method using strict-mode: co.pextra.botox.TemperatureEvent.sensor_id()]
[Near : {... sensor_id == sensor.sensor_id ....}]
             ^
[Line: 51, Column: 10] : [Rule name='More than 10 high temperatures in two minutes for a sensor of temperature']

Unable to Analyse Expression data.getTemperature():
[Error: unable to resolve method using strict-mode: co.pextra.botox.TemperatureEvent.data()]
[Near : {... data.getTemperature() ....}]
             ^
[Line: 51, Column: 10] : [Rule name='More than 10 high temperatures in two minutes for a sensor of temperature']

Unable to analyze expression 'data.getTemperature()' : [Rule name='More than 10 high temperatures in two minutes for a sensor of temperature']

Unable to Analyse Expression data.getTemperature() > 0:
[Error: unable to resolve method using strict-mode: co.pextra.botox.TemperatureEvent.data()]
[Near : {... data.getTemperature() > 0 ....}]
             ^
[Line: 51, Column: 10] : [Rule name='More than 10 high temperatures in two minutes for a sensor of temperature']


03:40:00,489  INFO RuleTest:70 - Message [id=1, kieBase=botox-drugs-scenario, level=ERROR, path=BotoxDrugsScenario.drl, line=25, column=0
   text=Unable to Analyse Expression sensor_id == sensor.sensor_id:
[Error: unable to resolve method using strict-mode: co.pextra.botox.TemperatureEvent.sensor_id()]
[Near : {... sensor_id == sensor.sensor_id ....}]
             ^
[Line: 25, Column: 10]]
03:40:00,489  INFO RuleTest:70 - Message [id=2, kieBase=botox-drugs-scenario, level=ERROR, path=BotoxDrugsScenario.drl, line=38, column=0
   text=Unable to Analyse Expression sensor_id == sensor.sensor_id:
[Error: unable to resolve method using strict-mode: co.pextra.botox.TemperatureEvent.sensor_id()]
[Near : {... sensor_id == sensor.sensor_id ....}]
             ^
[Line: 38, Column: 10]]
03:40:00,489  INFO RuleTest:70 - Message [id=3, kieBase=botox-drugs-scenario, level=ERROR, path=BotoxDrugsScenario.drl, line=38, column=0
   text=Unable to Analyse Expression data.getTemperature():
[Error: unable to resolve method using strict-mode: co.pextra.botox.TemperatureEvent.data()]
[Near : {... data.getTemperature() ....}]
             ^
[Line: 38, Column: 10]]
03:40:00,489  INFO RuleTest:70 - Message [id=4, kieBase=botox-drugs-scenario, level=ERROR, path=BotoxDrugsScenario.drl, line=38, column=0
   text=Unable to analyze expression 'data.getTemperature()']
03:40:00,490  INFO RuleTest:70 - Message [id=5, kieBase=botox-drugs-scenario, level=ERROR, path=BotoxDrugsScenario.drl, line=38, column=0
   text=Unable to Analyse Expression data.getTemperature() > -3:
[Error: unable to resolve method using strict-mode: co.pextra.botox.TemperatureEvent.data()]
[Near : {... data.getTemperature() > -3 ....}]
             ^
[Line: 38, Column: 10]]
03:40:00,490  INFO RuleTest:70 - Message [id=6, kieBase=botox-drugs-scenario, level=ERROR, path=BotoxDrugsScenario.drl, line=51, column=0
   text=Unable to Analyse Expression sensor_id == sensor.sensor_id:
[Error: unable to resolve method using strict-mode: co.pextra.botox.TemperatureEvent.sensor_id()]
[Near : {... sensor_id == sensor.sensor_id ....}]
             ^
[Line: 51, Column: 10]]
03:40:00,490  INFO RuleTest:70 - Message [id=7, kieBase=botox-drugs-scenario, level=ERROR, path=BotoxDrugsScenario.drl, line=51, column=0
   text=Unable to Analyse Expression data.getTemperature():
[Error: unable to resolve method using strict-mode: co.pextra.botox.TemperatureEvent.data()]
[Near : {... data.getTemperature() ....}]
             ^
[Line: 51, Column: 10]]
03:40:00,490  INFO RuleTest:70 - Message [id=8, kieBase=botox-drugs-scenario, level=ERROR, path=BotoxDrugsScenario.drl, line=51, column=0
   text=Unable to analyze expression 'data.getTemperature()']
03:40:00,490  INFO RuleTest:70 - Message [id=9, kieBase=botox-drugs-scenario, level=ERROR, path=BotoxDrugsScenario.drl, line=51, column=0
   text=Unable to Analyse Expression data.getTemperature() > 0:
[Error: unable to resolve method using strict-mode: co.pextra.botox.TemperatureEvent.data()]
[Near : {... data.getTemperature() > 0 ....}]
             ^
[Line: 51, Column: 10]]
03:40:00,491  INFO RuleTest:73 - Creating kieBase
03:40:00,554 DEBUG KnowledgeBaseImpl:196 - Starting Engine in PHREAK mode
03:40:00,587  INFO RuleTest:79 - There should be rules: 
03:40:00,588  INFO RuleTest:86 - Creating kieSession
03:40:00,641  INFO RuleTest:96 - Now running data
03:40:00,646 DEBUG SCENELogger:20 - INSERT - co.pextra.botox.Sensor@dffa30b
03:40:00,647 DEBUG SCENELogger:20 - INSERT - co.pextra.botox.Sensor@27b71f50
03:40:00,647 DEBUG SCENELogger:20 - INSERT - co.pextra.botox.Sensor@383790cf
03:40:00,647 DEBUG SCENELogger:20 - INSERT - co.pextra.botox.Sensor@74971ed9
03:40:00,647 DEBUG SCENELogger:20 - INSERT - co.pextra.botox.Sensor@131fcb6f
03:40:00,647  INFO RuleTest:152 - Final checks
03:40:35,005  INFO ClasspathKieProject:131 - Found kmodule: file:/C:/Users/luisr/workspace/botox-drugs-scenario/target/classes/META-INF/kmodule.xml
03:40:35,011 DEBUG ClasspathKieProject:400 - KieModule URL type=file url=/C:/Users/luisr/workspace/botox-drugs-scenario/target/classes
03:40:35,257  WARN ClasspathKieProject:289 - Unable to find pom.properties in /C:/Users/luisr/workspace/botox-drugs-scenario/target/classes
03:40:35,268  INFO ClasspathKieProject:331 - Recursed up folders, found and used pom.xml C:\Users\luisr\workspace\botox-drugs-scenario\pom.xml
03:40:35,270 DEBUG ClasspathKieProject:118 - Discovered classpath module botox-drugs-scenario:co.pextra:0.0.1-SNAPSHOT
03:40:35,277  INFO KieRepositoryImpl:113 - KieModule was added: FileKieModule[releaseId=botox-drugs-scenario:co.pextra:0.0.1-SNAPSHOT,file=C:\Users\luisr\workspace\botox-drugs-scenario\target\classes]
03:40:35,278  INFO ClasspathKieProject:131 - Found kmodule: jar:file:/C:/Users/luisr/.m2/repository/br/ufes/inf/lprm/scene-core/1.1.1/scene-core-1.1.1.jar!/META-INF/kmodule.xml
03:40:35,279 DEBUG ClasspathKieProject:400 - KieModule URL type=jar url=/C:/Users/luisr/.m2/repository/br/ufes/inf/lprm/scene-core/1.1.1/scene-core-1.1.1.jar
03:40:35,286  WARN ClasspathKieProject:261 - Unable to find pom.properties in /C:/Users/luisr/.m2/repository/br/ufes/inf/lprm/scene-core/1.1.1/scene-core-1.1.1.jar
03:40:35,286  WARN ClasspathKieProject:231 - Unable to load pom.properties from/C:/Users/luisr/.m2/repository/br/ufes/inf/lprm/scene-core/1.1.1/scene-core-1.1.1.jar
03:40:35,287  WARN ClasspathKieProject:185 - Cannot find maven pom properties for this project. Using the container's default ReleaseId
03:40:35,290 DEBUG ClasspathKieProject:118 - Discovered classpath module org.default:artifact:1.0.0-SNAPSHOT
03:40:35,291  INFO KieRepositoryImpl:113 - KieModule was added: ZipKieModule[releaseId=org.default:artifact:1.0.0-SNAPSHOT,file=C:\Users\luisr\.m2\repository\br\ufes\inf\lprm\scene-core\1.1.1\scene-core-1.1.1.jar]
03:40:37,768 DEBUG DataTransformerRegistry:88 - Registered scripting language http://www.java.com/nashorn with instance org.jbpm.process.core.transformation.JavaScriptingDataTransformer@62b3df3a
03:40:37,768 DEBUG DataTransformerRegistry:88 - Registered scripting language http://www.java.com/Nashorn with instance org.jbpm.process.core.transformation.JavaScriptingDataTransformer@62b3df3a
03:40:37,768 DEBUG DataTransformerRegistry:88 - Registered scripting language http://www.java.com/js with instance org.jbpm.process.core.transformation.JavaScriptingDataTransformer@62b3df3a
03:40:37,770 DEBUG DataTransformerRegistry:88 - Registered scripting language http://www.java.com/JS with instance org.jbpm.process.core.transformation.JavaScriptingDataTransformer@62b3df3a
03:40:37,770 DEBUG DataTransformerRegistry:88 - Registered scripting language http://www.java.com/JavaScript with instance org.jbpm.process.core.transformation.JavaScriptingDataTransformer@62b3df3a
03:40:37,770 DEBUG DataTransformerRegistry:88 - Registered scripting language http://www.java.com/javascript with instance org.jbpm.process.core.transformation.JavaScriptingDataTransformer@62b3df3a
03:40:37,771 DEBUG DataTransformerRegistry:88 - Registered scripting language http://www.java.com/ECMAScript with instance org.jbpm.process.core.transformation.JavaScriptingDataTransformer@62b3df3a
03:40:37,771 DEBUG DataTransformerRegistry:88 - Registered scripting language http://www.java.com/ecmascript with instance org.jbpm.process.core.transformation.JavaScriptingDataTransformer@62b3df3a
03:40:37,964 ERROR AbstractKieModule:250 - Unable to build KieBaseModel:botox-drugs-scenario
Unable to Analyse Expression sensor_id == sensor.sensor_id:
[Error: unable to resolve method using strict-mode: co.pextra.botox.TemperatureEvent.sensor_id()]
[Near : {... sensor_id == sensor.sensor_id ....}]
             ^
[Line: 25, Column: 10] : [Rule name='Ocorreram 3 mudanças de temperatura com o mesmo sensor em um intervalo de 2 minutos']

Unable to Analyse Expression sensor_id == sensor.sensor_id:
[Error: unable to resolve method using strict-mode: co.pextra.botox.TemperatureEvent.sensor_id()]
[Near : {... sensor_id == sensor.sensor_id ....}]
             ^
[Line: 38, Column: 10] : [Rule name='More than 5 high temperatures in two minutes for a sensor of temperature']

Unable to Analyse Expression data.getTemperature():
[Error: unable to resolve method using strict-mode: co.pextra.botox.TemperatureEvent.data()]
[Near : {... data.getTemperature() ....}]
             ^
[Line: 38, Column: 10] : [Rule name='More than 5 high temperatures in two minutes for a sensor of temperature']

Unable to analyze expression 'data.getTemperature()' : [Rule name='More than 5 high temperatures in two minutes for a sensor of temperature']

Unable to Analyse Expression data.getTemperature() > -3:
[Error: unable to resolve method using strict-mode: co.pextra.botox.TemperatureEvent.data()]
[Near : {... data.getTemperature() > -3 ....}]
             ^
[Line: 38, Column: 10] : [Rule name='More than 5 high temperatures in two minutes for a sensor of temperature']

Unable to Analyse Expression sensor_id == sensor.sensor_id:
[Error: unable to resolve method using strict-mode: co.pextra.botox.TemperatureEvent.sensor_id()]
[Near : {... sensor_id == sensor.sensor_id ....}]
             ^
[Line: 51, Column: 10] : [Rule name='More than 10 high temperatures in two minutes for a sensor of temperature']

Unable to Analyse Expression data.getTemperature():
[Error: unable to resolve method using strict-mode: co.pextra.botox.TemperatureEvent.data()]
[Near : {... data.getTemperature() ....}]
             ^
[Line: 51, Column: 10] : [Rule name='More than 10 high temperatures in two minutes for a sensor of temperature']

Unable to analyze expression 'data.getTemperature()' : [Rule name='More than 10 high temperatures in two minutes for a sensor of temperature']

Unable to Analyse Expression data.getTemperature() > 0:
[Error: unable to resolve method using strict-mode: co.pextra.botox.TemperatureEvent.data()]
[Near : {... data.getTemperature() > 0 ....}]
             ^
[Line: 51, Column: 10] : [Rule name='More than 10 high temperatures in two minutes for a sensor of temperature']


03:40:38,202  INFO RuleTest:70 - Message [id=1, kieBase=botox-drugs-scenario, level=ERROR, path=BotoxDrugsScenario.drl, line=25, column=0
   text=Unable to Analyse Expression sensor_id == sensor.sensor_id:
[Error: unable to resolve method using strict-mode: co.pextra.botox.TemperatureEvent.sensor_id()]
[Near : {... sensor_id == sensor.sensor_id ....}]
             ^
[Line: 25, Column: 10]]
03:40:38,202  INFO RuleTest:70 - Message [id=2, kieBase=botox-drugs-scenario, level=ERROR, path=BotoxDrugsScenario.drl, line=38, column=0
   text=Unable to Analyse Expression sensor_id == sensor.sensor_id:
[Error: unable to resolve method using strict-mode: co.pextra.botox.TemperatureEvent.sensor_id()]
[Near : {... sensor_id == sensor.sensor_id ....}]
             ^
[Line: 38, Column: 10]]
03:40:38,202  INFO RuleTest:70 - Message [id=3, kieBase=botox-drugs-scenario, level=ERROR, path=BotoxDrugsScenario.drl, line=38, column=0
   text=Unable to Analyse Expression data.getTemperature():
[Error: unable to resolve method using strict-mode: co.pextra.botox.TemperatureEvent.data()]
[Near : {... data.getTemperature() ....}]
             ^
[Line: 38, Column: 10]]
03:40:38,202  INFO RuleTest:70 - Message [id=4, kieBase=botox-drugs-scenario, level=ERROR, path=BotoxDrugsScenario.drl, line=38, column=0
   text=Unable to analyze expression 'data.getTemperature()']
03:40:38,203  INFO RuleTest:70 - Message [id=5, kieBase=botox-drugs-scenario, level=ERROR, path=BotoxDrugsScenario.drl, line=38, column=0
   text=Unable to Analyse Expression data.getTemperature() > -3:
[Error: unable to resolve method using strict-mode: co.pextra.botox.TemperatureEvent.data()]
[Near : {... data.getTemperature() > -3 ....}]
             ^
[Line: 38, Column: 10]]
03:40:38,203  INFO RuleTest:70 - Message [id=6, kieBase=botox-drugs-scenario, level=ERROR, path=BotoxDrugsScenario.drl, line=51, column=0
   text=Unable to Analyse Expression sensor_id == sensor.sensor_id:
[Error: unable to resolve method using strict-mode: co.pextra.botox.TemperatureEvent.sensor_id()]
[Near : {... sensor_id == sensor.sensor_id ....}]
             ^
[Line: 51, Column: 10]]
03:40:38,203  INFO RuleTest:70 - Message [id=7, kieBase=botox-drugs-scenario, level=ERROR, path=BotoxDrugsScenario.drl, line=51, column=0
   text=Unable to Analyse Expression data.getTemperature():
[Error: unable to resolve method using strict-mode: co.pextra.botox.TemperatureEvent.data()]
[Near : {... data.getTemperature() ....}]
             ^
[Line: 51, Column: 10]]
03:40:38,203  INFO RuleTest:70 - Message [id=8, kieBase=botox-drugs-scenario, level=ERROR, path=BotoxDrugsScenario.drl, line=51, column=0
   text=Unable to analyze expression 'data.getTemperature()']
03:40:38,203  INFO RuleTest:70 - Message [id=9, kieBase=botox-drugs-scenario, level=ERROR, path=BotoxDrugsScenario.drl, line=51, column=0
   text=Unable to Analyse Expression data.getTemperature() > 0:
[Error: unable to resolve method using strict-mode: co.pextra.botox.TemperatureEvent.data()]
[Near : {... data.getTemperature() > 0 ....}]
             ^
[Line: 51, Column: 10]]
03:40:38,204  INFO RuleTest:73 - Creating kieBase
03:40:38,261 DEBUG KnowledgeBaseImpl:196 - Starting Engine in PHREAK mode
03:40:38,289  INFO RuleTest:79 - There should be rules: 
03:40:38,289  INFO RuleTest:86 - Creating kieSession
03:40:38,341  INFO RuleTest:96 - Now running data
03:40:38,345 DEBUG SCENELogger:20 - INSERT - co.pextra.botox.Sensor@dffa30b
03:40:38,345 DEBUG SCENELogger:20 - INSERT - co.pextra.botox.Sensor@27b71f50
03:40:38,345 DEBUG SCENELogger:20 - INSERT - co.pextra.botox.Sensor@383790cf
03:40:38,345 DEBUG SCENELogger:20 - INSERT - co.pextra.botox.Sensor@74971ed9
03:40:38,345 DEBUG SCENELogger:20 - INSERT - co.pextra.botox.Sensor@131fcb6f
03:40:38,346  INFO RuleTest:152 - Final checks
14:12:35,487  INFO ClasspathKieProject:131 - Found kmodule: file:/C:/Users/luisr/workspace/botox-drugs-scenario/target/classes/META-INF/kmodule.xml
14:12:35,492 DEBUG ClasspathKieProject:400 - KieModule URL type=file url=/C:/Users/luisr/workspace/botox-drugs-scenario/target/classes
14:12:35,739  WARN ClasspathKieProject:289 - Unable to find pom.properties in /C:/Users/luisr/workspace/botox-drugs-scenario/target/classes
14:12:35,751  INFO ClasspathKieProject:331 - Recursed up folders, found and used pom.xml C:\Users\luisr\workspace\botox-drugs-scenario\pom.xml
14:12:35,753 DEBUG ClasspathKieProject:118 - Discovered classpath module botox-drugs-scenario:co.pextra:0.0.1-SNAPSHOT
14:12:35,758  INFO KieRepositoryImpl:113 - KieModule was added: FileKieModule[releaseId=botox-drugs-scenario:co.pextra:0.0.1-SNAPSHOT,file=C:\Users\luisr\workspace\botox-drugs-scenario\target\classes]
14:12:35,760  INFO ClasspathKieProject:131 - Found kmodule: jar:file:/C:/Users/luisr/.m2/repository/br/ufes/inf/lprm/scene-core/1.1.1/scene-core-1.1.1.jar!/META-INF/kmodule.xml
14:12:35,760 DEBUG ClasspathKieProject:400 - KieModule URL type=jar url=/C:/Users/luisr/.m2/repository/br/ufes/inf/lprm/scene-core/1.1.1/scene-core-1.1.1.jar
14:12:35,768  WARN ClasspathKieProject:261 - Unable to find pom.properties in /C:/Users/luisr/.m2/repository/br/ufes/inf/lprm/scene-core/1.1.1/scene-core-1.1.1.jar
14:12:35,768  WARN ClasspathKieProject:231 - Unable to load pom.properties from/C:/Users/luisr/.m2/repository/br/ufes/inf/lprm/scene-core/1.1.1/scene-core-1.1.1.jar
14:12:35,768  WARN ClasspathKieProject:185 - Cannot find maven pom properties for this project. Using the container's default ReleaseId
14:12:35,772 DEBUG ClasspathKieProject:118 - Discovered classpath module org.default:artifact:1.0.0-SNAPSHOT
14:12:35,773  INFO KieRepositoryImpl:113 - KieModule was added: ZipKieModule[releaseId=org.default:artifact:1.0.0-SNAPSHOT,file=C:\Users\luisr\.m2\repository\br\ufes\inf\lprm\scene-core\1.1.1\scene-core-1.1.1.jar]
14:12:38,365 DEBUG DataTransformerRegistry:88 - Registered scripting language http://www.java.com/nashorn with instance org.jbpm.process.core.transformation.JavaScriptingDataTransformer@62b3df3a
14:12:38,365 DEBUG DataTransformerRegistry:88 - Registered scripting language http://www.java.com/Nashorn with instance org.jbpm.process.core.transformation.JavaScriptingDataTransformer@62b3df3a
14:12:38,366 DEBUG DataTransformerRegistry:88 - Registered scripting language http://www.java.com/js with instance org.jbpm.process.core.transformation.JavaScriptingDataTransformer@62b3df3a
14:12:38,368 DEBUG DataTransformerRegistry:88 - Registered scripting language http://www.java.com/JS with instance org.jbpm.process.core.transformation.JavaScriptingDataTransformer@62b3df3a
14:12:38,368 DEBUG DataTransformerRegistry:88 - Registered scripting language http://www.java.com/JavaScript with instance org.jbpm.process.core.transformation.JavaScriptingDataTransformer@62b3df3a
14:12:38,369 DEBUG DataTransformerRegistry:88 - Registered scripting language http://www.java.com/javascript with instance org.jbpm.process.core.transformation.JavaScriptingDataTransformer@62b3df3a
14:12:38,369 DEBUG DataTransformerRegistry:88 - Registered scripting language http://www.java.com/ECMAScript with instance org.jbpm.process.core.transformation.JavaScriptingDataTransformer@62b3df3a
14:12:38,369 DEBUG DataTransformerRegistry:88 - Registered scripting language http://www.java.com/ecmascript with instance org.jbpm.process.core.transformation.JavaScriptingDataTransformer@62b3df3a
14:12:38,542 ERROR AbstractKieModule:250 - Unable to build KieBaseModel:botox-drugs-scenario
Unable to Analyse Expression sensor_id == sensor.sensor_id:
[Error: unable to resolve method using strict-mode: co.pextra.botox.TemperatureEvent.sensor_id()]
[Near : {... sensor_id == sensor.sensor_id ....}]
             ^
[Line: 25, Column: 10] : [Rule name='Ocorreram 3 mudanças de temperatura com o mesmo sensor em um intervalo de 2 minutos']

Unable to Analyse Expression sensor_id == sensor.sensor_id:
[Error: unable to resolve method using strict-mode: co.pextra.botox.TemperatureEvent.sensor_id()]
[Near : {... sensor_id == sensor.sensor_id ....}]
             ^
[Line: 38, Column: 10] : [Rule name='More than 5 high temperatures in two minutes for a sensor of temperature']

Unable to Analyse Expression sensor.getTemperature():
[Error: unable to resolve method using strict-mode: co.pextra.botox.Sensor.getTemperature()]
[Near : {... sensor.getTemperature() ....}]
                    ^
[Line: 38, Column: 10] : [Rule name='More than 5 high temperatures in two minutes for a sensor of temperature']

Unable to analyze expression 'sensor.getTemperature()' : [Rule name='More than 5 high temperatures in two minutes for a sensor of temperature']

Unable to Analyse Expression sensor.getTemperature() > -3:
[Error: unable to resolve method using strict-mode: co.pextra.botox.Sensor.getTemperature()]
[Near : {... sensor.getTemperature() > -3 ....}]
                    ^
[Line: 38, Column: 10] : [Rule name='More than 5 high temperatures in two minutes for a sensor of temperature']

Unable to Analyse Expression sensor_id == sensor.sensor_id:
[Error: unable to resolve method using strict-mode: co.pextra.botox.TemperatureEvent.sensor_id()]
[Near : {... sensor_id == sensor.sensor_id ....}]
             ^
[Line: 51, Column: 10] : [Rule name='More than 10 high temperatures in two minutes for a sensor of temperature']

Unable to Analyse Expression sensor.getTemperature():
[Error: unable to resolve method using strict-mode: co.pextra.botox.Sensor.getTemperature()]
[Near : {... sensor.getTemperature() ....}]
                    ^
[Line: 51, Column: 10] : [Rule name='More than 10 high temperatures in two minutes for a sensor of temperature']

Unable to analyze expression 'sensor.getTemperature()' : [Rule name='More than 10 high temperatures in two minutes for a sensor of temperature']

Unable to Analyse Expression sensor.getTemperature() > 0:
[Error: unable to resolve method using strict-mode: co.pextra.botox.Sensor.getTemperature()]
[Near : {... sensor.getTemperature() > 0 ....}]
                    ^
[Line: 51, Column: 10] : [Rule name='More than 10 high temperatures in two minutes for a sensor of temperature']


14:12:38,756  INFO RuleTest:70 - Message [id=1, kieBase=botox-drugs-scenario, level=ERROR, path=BotoxDrugsScenario.drl, line=25, column=0
   text=Unable to Analyse Expression sensor_id == sensor.sensor_id:
[Error: unable to resolve method using strict-mode: co.pextra.botox.TemperatureEvent.sensor_id()]
[Near : {... sensor_id == sensor.sensor_id ....}]
             ^
[Line: 25, Column: 10]]
14:12:38,759  INFO RuleTest:70 - Message [id=2, kieBase=botox-drugs-scenario, level=ERROR, path=BotoxDrugsScenario.drl, line=38, column=0
   text=Unable to Analyse Expression sensor_id == sensor.sensor_id:
[Error: unable to resolve method using strict-mode: co.pextra.botox.TemperatureEvent.sensor_id()]
[Near : {... sensor_id == sensor.sensor_id ....}]
             ^
[Line: 38, Column: 10]]
14:12:38,760  INFO RuleTest:70 - Message [id=3, kieBase=botox-drugs-scenario, level=ERROR, path=BotoxDrugsScenario.drl, line=38, column=0
   text=Unable to Analyse Expression sensor.getTemperature():
[Error: unable to resolve method using strict-mode: co.pextra.botox.Sensor.getTemperature()]
[Near : {... sensor.getTemperature() ....}]
                    ^
[Line: 38, Column: 10]]
14:12:38,760  INFO RuleTest:70 - Message [id=4, kieBase=botox-drugs-scenario, level=ERROR, path=BotoxDrugsScenario.drl, line=38, column=0
   text=Unable to analyze expression 'sensor.getTemperature()']
14:12:38,761  INFO RuleTest:70 - Message [id=5, kieBase=botox-drugs-scenario, level=ERROR, path=BotoxDrugsScenario.drl, line=38, column=0
   text=Unable to Analyse Expression sensor.getTemperature() > -3:
[Error: unable to resolve method using strict-mode: co.pextra.botox.Sensor.getTemperature()]
[Near : {... sensor.getTemperature() > -3 ....}]
                    ^
[Line: 38, Column: 10]]
14:12:38,761  INFO RuleTest:70 - Message [id=6, kieBase=botox-drugs-scenario, level=ERROR, path=BotoxDrugsScenario.drl, line=51, column=0
   text=Unable to Analyse Expression sensor_id == sensor.sensor_id:
[Error: unable to resolve method using strict-mode: co.pextra.botox.TemperatureEvent.sensor_id()]
[Near : {... sensor_id == sensor.sensor_id ....}]
             ^
[Line: 51, Column: 10]]
14:12:38,761  INFO RuleTest:70 - Message [id=7, kieBase=botox-drugs-scenario, level=ERROR, path=BotoxDrugsScenario.drl, line=51, column=0
   text=Unable to Analyse Expression sensor.getTemperature():
[Error: unable to resolve method using strict-mode: co.pextra.botox.Sensor.getTemperature()]
[Near : {... sensor.getTemperature() ....}]
                    ^
[Line: 51, Column: 10]]
14:12:38,761  INFO RuleTest:70 - Message [id=8, kieBase=botox-drugs-scenario, level=ERROR, path=BotoxDrugsScenario.drl, line=51, column=0
   text=Unable to analyze expression 'sensor.getTemperature()']
14:12:38,762  INFO RuleTest:70 - Message [id=9, kieBase=botox-drugs-scenario, level=ERROR, path=BotoxDrugsScenario.drl, line=51, column=0
   text=Unable to Analyse Expression sensor.getTemperature() > 0:
[Error: unable to resolve method using strict-mode: co.pextra.botox.Sensor.getTemperature()]
[Near : {... sensor.getTemperature() > 0 ....}]
                    ^
[Line: 51, Column: 10]]
14:12:38,762  INFO RuleTest:73 - Creating kieBase
14:12:38,825 DEBUG KnowledgeBaseImpl:196 - Starting Engine in PHREAK mode
14:12:38,860  INFO RuleTest:79 - There should be rules: 
14:12:38,860  INFO RuleTest:86 - Creating kieSession
14:12:38,923  INFO RuleTest:96 - Now running data
14:12:38,927 DEBUG SCENELogger:20 - INSERT - co.pextra.botox.Sensor@dffa30b
14:12:38,927 DEBUG SCENELogger:20 - INSERT - co.pextra.botox.Sensor@27b71f50
14:12:38,927 DEBUG SCENELogger:20 - INSERT - co.pextra.botox.Sensor@383790cf
14:12:38,928 DEBUG SCENELogger:20 - INSERT - co.pextra.botox.Sensor@74971ed9
14:12:38,928 DEBUG SCENELogger:20 - INSERT - co.pextra.botox.Sensor@131fcb6f
14:12:38,928  INFO RuleTest:152 - Final checks
14:13:37,515  INFO ClasspathKieProject:131 - Found kmodule: file:/C:/Users/luisr/workspace/botox-drugs-scenario/target/classes/META-INF/kmodule.xml
14:13:37,521 DEBUG ClasspathKieProject:400 - KieModule URL type=file url=/C:/Users/luisr/workspace/botox-drugs-scenario/target/classes
14:13:37,774  WARN ClasspathKieProject:289 - Unable to find pom.properties in /C:/Users/luisr/workspace/botox-drugs-scenario/target/classes
14:13:37,784  INFO ClasspathKieProject:331 - Recursed up folders, found and used pom.xml C:\Users\luisr\workspace\botox-drugs-scenario\pom.xml
14:13:37,786 DEBUG ClasspathKieProject:118 - Discovered classpath module botox-drugs-scenario:co.pextra:0.0.1-SNAPSHOT
14:13:37,793  INFO KieRepositoryImpl:113 - KieModule was added: FileKieModule[releaseId=botox-drugs-scenario:co.pextra:0.0.1-SNAPSHOT,file=C:\Users\luisr\workspace\botox-drugs-scenario\target\classes]
14:13:37,794  INFO ClasspathKieProject:131 - Found kmodule: jar:file:/C:/Users/luisr/.m2/repository/br/ufes/inf/lprm/scene-core/1.1.1/scene-core-1.1.1.jar!/META-INF/kmodule.xml
14:13:37,794 DEBUG ClasspathKieProject:400 - KieModule URL type=jar url=/C:/Users/luisr/.m2/repository/br/ufes/inf/lprm/scene-core/1.1.1/scene-core-1.1.1.jar
14:13:37,801  WARN ClasspathKieProject:261 - Unable to find pom.properties in /C:/Users/luisr/.m2/repository/br/ufes/inf/lprm/scene-core/1.1.1/scene-core-1.1.1.jar
14:13:37,801  WARN ClasspathKieProject:231 - Unable to load pom.properties from/C:/Users/luisr/.m2/repository/br/ufes/inf/lprm/scene-core/1.1.1/scene-core-1.1.1.jar
14:13:37,801  WARN ClasspathKieProject:185 - Cannot find maven pom properties for this project. Using the container's default ReleaseId
14:13:37,806 DEBUG ClasspathKieProject:118 - Discovered classpath module org.default:artifact:1.0.0-SNAPSHOT
14:13:37,806  INFO KieRepositoryImpl:113 - KieModule was added: ZipKieModule[releaseId=org.default:artifact:1.0.0-SNAPSHOT,file=C:\Users\luisr\.m2\repository\br\ufes\inf\lprm\scene-core\1.1.1\scene-core-1.1.1.jar]
14:13:40,479 DEBUG DataTransformerRegistry:88 - Registered scripting language http://www.java.com/nashorn with instance org.jbpm.process.core.transformation.JavaScriptingDataTransformer@5fa47fea
14:13:40,480 DEBUG DataTransformerRegistry:88 - Registered scripting language http://www.java.com/Nashorn with instance org.jbpm.process.core.transformation.JavaScriptingDataTransformer@5fa47fea
14:13:40,480 DEBUG DataTransformerRegistry:88 - Registered scripting language http://www.java.com/js with instance org.jbpm.process.core.transformation.JavaScriptingDataTransformer@5fa47fea
14:13:40,482 DEBUG DataTransformerRegistry:88 - Registered scripting language http://www.java.com/JS with instance org.jbpm.process.core.transformation.JavaScriptingDataTransformer@5fa47fea
14:13:40,482 DEBUG DataTransformerRegistry:88 - Registered scripting language http://www.java.com/JavaScript with instance org.jbpm.process.core.transformation.JavaScriptingDataTransformer@5fa47fea
14:13:40,482 DEBUG DataTransformerRegistry:88 - Registered scripting language http://www.java.com/javascript with instance org.jbpm.process.core.transformation.JavaScriptingDataTransformer@5fa47fea
14:13:40,483 DEBUG DataTransformerRegistry:88 - Registered scripting language http://www.java.com/ECMAScript with instance org.jbpm.process.core.transformation.JavaScriptingDataTransformer@5fa47fea
14:13:40,483 DEBUG DataTransformerRegistry:88 - Registered scripting language http://www.java.com/ecmascript with instance org.jbpm.process.core.transformation.JavaScriptingDataTransformer@5fa47fea
14:13:40,718 ERROR AbstractKieModule:250 - Unable to build KieBaseModel:botox-drugs-scenario
Unable to Analyse Expression sensor_id == sensor.sensor_id:
[Error: unable to resolve method using strict-mode: co.pextra.botox.TemperatureEvent.sensor_id()]
[Near : {... sensor_id == sensor.sensor_id ....}]
             ^
[Line: 25, Column: 10] : [Rule name='Ocorreram 3 mudanças de temperatura com o mesmo sensor em um intervalo de 2 minutos']

Unable to Analyse Expression sensor_id == sensor.sensor_id:
[Error: unable to resolve method using strict-mode: co.pextra.botox.TemperatureEvent.sensor_id()]
[Near : {... sensor_id == sensor.sensor_id ....}]
             ^
[Line: 38, Column: 10] : [Rule name='More than 5 high temperatures in two minutes for a sensor of temperature']

Unable to Analyse Expression sensor_id == sensor.sensor_id:
[Error: unable to resolve method using strict-mode: co.pextra.botox.TemperatureEvent.sensor_id()]
[Near : {... sensor_id == sensor.sensor_id ....}]
             ^
[Line: 51, Column: 10] : [Rule name='More than 10 high temperatures in two minutes for a sensor of temperature']


14:13:40,957  INFO RuleTest:70 - Message [id=1, kieBase=botox-drugs-scenario, level=ERROR, path=BotoxDrugsScenario.drl, line=25, column=0
   text=Unable to Analyse Expression sensor_id == sensor.sensor_id:
[Error: unable to resolve method using strict-mode: co.pextra.botox.TemperatureEvent.sensor_id()]
[Near : {... sensor_id == sensor.sensor_id ....}]
             ^
[Line: 25, Column: 10]]
14:13:40,957  INFO RuleTest:70 - Message [id=2, kieBase=botox-drugs-scenario, level=ERROR, path=BotoxDrugsScenario.drl, line=38, column=0
   text=Unable to Analyse Expression sensor_id == sensor.sensor_id:
[Error: unable to resolve method using strict-mode: co.pextra.botox.TemperatureEvent.sensor_id()]
[Near : {... sensor_id == sensor.sensor_id ....}]
             ^
[Line: 38, Column: 10]]
14:13:40,957  INFO RuleTest:70 - Message [id=3, kieBase=botox-drugs-scenario, level=ERROR, path=BotoxDrugsScenario.drl, line=51, column=0
   text=Unable to Analyse Expression sensor_id == sensor.sensor_id:
[Error: unable to resolve method using strict-mode: co.pextra.botox.TemperatureEvent.sensor_id()]
[Near : {... sensor_id == sensor.sensor_id ....}]
             ^
[Line: 51, Column: 10]]
14:13:40,958  INFO RuleTest:73 - Creating kieBase
14:13:41,009 DEBUG KnowledgeBaseImpl:196 - Starting Engine in PHREAK mode
14:13:41,037  INFO RuleTest:79 - There should be rules: 
14:13:41,037  INFO RuleTest:86 - Creating kieSession
14:13:41,091  INFO RuleTest:96 - Now running data
14:13:41,095 DEBUG SCENELogger:20 - INSERT - co.pextra.botox.Sensor@6b587673
14:13:41,095 DEBUG SCENELogger:20 - INSERT - co.pextra.botox.Sensor@131fcb6f
14:13:41,096 DEBUG SCENELogger:20 - INSERT - co.pextra.botox.Sensor@ccd1bc3
14:13:41,096 DEBUG SCENELogger:20 - INSERT - co.pextra.botox.Sensor@878537d
14:13:41,096 DEBUG SCENELogger:20 - INSERT - co.pextra.botox.Sensor@4455f57d
14:13:41,096  INFO RuleTest:152 - Final checks
14:16:22,825  INFO ClasspathKieProject:131 - Found kmodule: file:/C:/Users/luisr/workspace/botox-drugs-scenario/target/classes/META-INF/kmodule.xml
14:16:22,833 DEBUG ClasspathKieProject:400 - KieModule URL type=file url=/C:/Users/luisr/workspace/botox-drugs-scenario/target/classes
14:16:23,242  WARN ClasspathKieProject:289 - Unable to find pom.properties in /C:/Users/luisr/workspace/botox-drugs-scenario/target/classes
14:16:23,257  INFO ClasspathKieProject:331 - Recursed up folders, found and used pom.xml C:\Users\luisr\workspace\botox-drugs-scenario\pom.xml
14:16:23,260 DEBUG ClasspathKieProject:118 - Discovered classpath module botox-drugs-scenario:co.pextra:0.0.1-SNAPSHOT
14:16:23,269  INFO KieRepositoryImpl:113 - KieModule was added: FileKieModule[releaseId=botox-drugs-scenario:co.pextra:0.0.1-SNAPSHOT,file=C:\Users\luisr\workspace\botox-drugs-scenario\target\classes]
14:16:23,270  INFO ClasspathKieProject:131 - Found kmodule: jar:file:/C:/Users/luisr/.m2/repository/br/ufes/inf/lprm/scene-core/1.1.1/scene-core-1.1.1.jar!/META-INF/kmodule.xml
14:16:23,270 DEBUG ClasspathKieProject:400 - KieModule URL type=jar url=/C:/Users/luisr/.m2/repository/br/ufes/inf/lprm/scene-core/1.1.1/scene-core-1.1.1.jar
14:16:23,282  WARN ClasspathKieProject:261 - Unable to find pom.properties in /C:/Users/luisr/.m2/repository/br/ufes/inf/lprm/scene-core/1.1.1/scene-core-1.1.1.jar
14:16:23,282  WARN ClasspathKieProject:231 - Unable to load pom.properties from/C:/Users/luisr/.m2/repository/br/ufes/inf/lprm/scene-core/1.1.1/scene-core-1.1.1.jar
14:16:23,282  WARN ClasspathKieProject:185 - Cannot find maven pom properties for this project. Using the container's default ReleaseId
14:16:23,290 DEBUG ClasspathKieProject:118 - Discovered classpath module org.default:artifact:1.0.0-SNAPSHOT
14:16:23,290  INFO KieRepositoryImpl:113 - KieModule was added: ZipKieModule[releaseId=org.default:artifact:1.0.0-SNAPSHOT,file=C:\Users\luisr\.m2\repository\br\ufes\inf\lprm\scene-core\1.1.1\scene-core-1.1.1.jar]
14:16:27,244 DEBUG DataTransformerRegistry:88 - Registered scripting language http://www.java.com/nashorn with instance org.jbpm.process.core.transformation.JavaScriptingDataTransformer@5fa47fea
14:16:27,244 DEBUG DataTransformerRegistry:88 - Registered scripting language http://www.java.com/Nashorn with instance org.jbpm.process.core.transformation.JavaScriptingDataTransformer@5fa47fea
14:16:27,244 DEBUG DataTransformerRegistry:88 - Registered scripting language http://www.java.com/js with instance org.jbpm.process.core.transformation.JavaScriptingDataTransformer@5fa47fea
14:16:27,246 DEBUG DataTransformerRegistry:88 - Registered scripting language http://www.java.com/JS with instance org.jbpm.process.core.transformation.JavaScriptingDataTransformer@5fa47fea
14:16:27,246 DEBUG DataTransformerRegistry:88 - Registered scripting language http://www.java.com/JavaScript with instance org.jbpm.process.core.transformation.JavaScriptingDataTransformer@5fa47fea
14:16:27,247 DEBUG DataTransformerRegistry:88 - Registered scripting language http://www.java.com/javascript with instance org.jbpm.process.core.transformation.JavaScriptingDataTransformer@5fa47fea
14:16:27,247 DEBUG DataTransformerRegistry:88 - Registered scripting language http://www.java.com/ECMAScript with instance org.jbpm.process.core.transformation.JavaScriptingDataTransformer@5fa47fea
14:16:27,247 DEBUG DataTransformerRegistry:88 - Registered scripting language http://www.java.com/ecmascript with instance org.jbpm.process.core.transformation.JavaScriptingDataTransformer@5fa47fea
14:16:27,466 ERROR AbstractKieModule:250 - Unable to build KieBaseModel:botox-drugs-scenario
Unable to Analyse Expression sensor_id == sensor.sensor_id:
[Error: unable to resolve method using strict-mode: co.pextra.botox.TemperatureEvent.sensor_id()]
[Near : {... sensor_id == sensor.sensor_id ....}]
             ^
[Line: 25, Column: 10] : [Rule name='Ocorreram 3 mudanças de temperatura com o mesmo sensor em um intervalo de 2 minutos']

Unable to Analyse Expression sensor_id == sensor.sensor_id:
[Error: unable to resolve method using strict-mode: co.pextra.botox.TemperatureEvent.sensor_id()]
[Near : {... sensor_id == sensor.sensor_id ....}]
             ^
[Line: 38, Column: 10] : [Rule name='More than 5 high temperatures in two minutes for a sensor of temperature']

Unable to Analyse Expression sensor_id == sensor.sensor_id:
[Error: unable to resolve method using strict-mode: co.pextra.botox.TemperatureEvent.sensor_id()]
[Near : {... sensor_id == sensor.sensor_id ....}]
             ^
[Line: 51, Column: 10] : [Rule name='More than 10 high temperatures in two minutes for a sensor of temperature']


14:16:27,727  INFO RuleTest:70 - Message [id=1, kieBase=botox-drugs-scenario, level=ERROR, path=BotoxDrugsScenario.drl, line=25, column=0
   text=Unable to Analyse Expression sensor_id == sensor.sensor_id:
[Error: unable to resolve method using strict-mode: co.pextra.botox.TemperatureEvent.sensor_id()]
[Near : {... sensor_id == sensor.sensor_id ....}]
             ^
[Line: 25, Column: 10]]
14:16:27,729  INFO RuleTest:70 - Message [id=2, kieBase=botox-drugs-scenario, level=ERROR, path=BotoxDrugsScenario.drl, line=38, column=0
   text=Unable to Analyse Expression sensor_id == sensor.sensor_id:
[Error: unable to resolve method using strict-mode: co.pextra.botox.TemperatureEvent.sensor_id()]
[Near : {... sensor_id == sensor.sensor_id ....}]
             ^
[Line: 38, Column: 10]]
14:16:27,729  INFO RuleTest:70 - Message [id=3, kieBase=botox-drugs-scenario, level=ERROR, path=BotoxDrugsScenario.drl, line=51, column=0
   text=Unable to Analyse Expression sensor_id == sensor.sensor_id:
[Error: unable to resolve method using strict-mode: co.pextra.botox.TemperatureEvent.sensor_id()]
[Near : {... sensor_id == sensor.sensor_id ....}]
             ^
[Line: 51, Column: 10]]
14:16:27,729  INFO RuleTest:73 - Creating kieBase
14:16:27,810 DEBUG KnowledgeBaseImpl:196 - Starting Engine in PHREAK mode
14:16:27,855  INFO RuleTest:79 - There should be rules: 
14:16:27,855  INFO RuleTest:86 - Creating kieSession
14:16:27,930  INFO RuleTest:96 - Now running data
14:16:27,936 DEBUG SCENELogger:20 - INSERT - co.pextra.botox.Sensor@6b587673
14:16:27,937 DEBUG SCENELogger:20 - INSERT - co.pextra.botox.Sensor@131fcb6f
14:16:27,937 DEBUG SCENELogger:20 - INSERT - co.pextra.botox.Sensor@ccd1bc3
14:16:27,937 DEBUG SCENELogger:20 - INSERT - co.pextra.botox.Sensor@878537d
14:16:27,937 DEBUG SCENELogger:20 - INSERT - co.pextra.botox.Sensor@4455f57d
14:16:27,938  INFO RuleTest:152 - Final checks
14:17:21,148  INFO ClasspathKieProject:131 - Found kmodule: file:/C:/Users/luisr/workspace/botox-drugs-scenario/target/classes/META-INF/kmodule.xml
14:17:21,156 DEBUG ClasspathKieProject:400 - KieModule URL type=file url=/C:/Users/luisr/workspace/botox-drugs-scenario/target/classes
14:17:21,404  WARN ClasspathKieProject:289 - Unable to find pom.properties in /C:/Users/luisr/workspace/botox-drugs-scenario/target/classes
14:17:21,414  INFO ClasspathKieProject:331 - Recursed up folders, found and used pom.xml C:\Users\luisr\workspace\botox-drugs-scenario\pom.xml
14:17:21,416 DEBUG ClasspathKieProject:118 - Discovered classpath module botox-drugs-scenario:co.pextra:0.0.1-SNAPSHOT
14:17:21,423  INFO KieRepositoryImpl:113 - KieModule was added: FileKieModule[releaseId=botox-drugs-scenario:co.pextra:0.0.1-SNAPSHOT,file=C:\Users\luisr\workspace\botox-drugs-scenario\target\classes]
14:17:21,425  INFO ClasspathKieProject:131 - Found kmodule: jar:file:/C:/Users/luisr/.m2/repository/br/ufes/inf/lprm/scene-core/1.1.1/scene-core-1.1.1.jar!/META-INF/kmodule.xml
14:17:21,425 DEBUG ClasspathKieProject:400 - KieModule URL type=jar url=/C:/Users/luisr/.m2/repository/br/ufes/inf/lprm/scene-core/1.1.1/scene-core-1.1.1.jar
14:17:21,436  WARN ClasspathKieProject:261 - Unable to find pom.properties in /C:/Users/luisr/.m2/repository/br/ufes/inf/lprm/scene-core/1.1.1/scene-core-1.1.1.jar
14:17:21,437  WARN ClasspathKieProject:231 - Unable to load pom.properties from/C:/Users/luisr/.m2/repository/br/ufes/inf/lprm/scene-core/1.1.1/scene-core-1.1.1.jar
14:17:21,437  WARN ClasspathKieProject:185 - Cannot find maven pom properties for this project. Using the container's default ReleaseId
14:17:21,442 DEBUG ClasspathKieProject:118 - Discovered classpath module org.default:artifact:1.0.0-SNAPSHOT
14:17:21,442  INFO KieRepositoryImpl:113 - KieModule was added: ZipKieModule[releaseId=org.default:artifact:1.0.0-SNAPSHOT,file=C:\Users\luisr\.m2\repository\br\ufes\inf\lprm\scene-core\1.1.1\scene-core-1.1.1.jar]
14:17:23,908 DEBUG DataTransformerRegistry:88 - Registered scripting language http://www.java.com/nashorn with instance org.jbpm.process.core.transformation.JavaScriptingDataTransformer@420745d7
14:17:23,909 DEBUG DataTransformerRegistry:88 - Registered scripting language http://www.java.com/Nashorn with instance org.jbpm.process.core.transformation.JavaScriptingDataTransformer@420745d7
14:17:23,909 DEBUG DataTransformerRegistry:88 - Registered scripting language http://www.java.com/js with instance org.jbpm.process.core.transformation.JavaScriptingDataTransformer@420745d7
14:17:23,912 DEBUG DataTransformerRegistry:88 - Registered scripting language http://www.java.com/JS with instance org.jbpm.process.core.transformation.JavaScriptingDataTransformer@420745d7
14:17:23,912 DEBUG DataTransformerRegistry:88 - Registered scripting language http://www.java.com/JavaScript with instance org.jbpm.process.core.transformation.JavaScriptingDataTransformer@420745d7
14:17:23,913 DEBUG DataTransformerRegistry:88 - Registered scripting language http://www.java.com/javascript with instance org.jbpm.process.core.transformation.JavaScriptingDataTransformer@420745d7
14:17:23,913 DEBUG DataTransformerRegistry:88 - Registered scripting language http://www.java.com/ECMAScript with instance org.jbpm.process.core.transformation.JavaScriptingDataTransformer@420745d7
14:17:23,914 DEBUG DataTransformerRegistry:88 - Registered scripting language http://www.java.com/ecmascript with instance org.jbpm.process.core.transformation.JavaScriptingDataTransformer@420745d7
14:17:24,382  INFO RuleTest:73 - Creating kieBase
14:17:24,423 DEBUG KnowledgeBaseImpl:196 - Starting Engine in PHREAK mode
14:17:24,523  INFO RuleTest:79 - There should be rules: 
14:17:24,524  INFO RuleTest:82 - kp [Package name=co.pextra.botox] rule Ocorreram 3 mudanças de temperatura com o mesmo sensor em um intervalo de 2 minutos
14:17:24,524  INFO RuleTest:82 - kp [Package name=co.pextra.botox] rule More than 5 high temperatures in two minutes for a sensor of temperature
14:17:24,524  INFO RuleTest:82 - kp [Package name=co.pextra.botox] rule More than 10 high temperatures in two minutes for a sensor of temperature
14:17:24,525  INFO RuleTest:82 - kp [Package name=co.pextra.botox] rule start botox situation when have a one case suspicious
14:17:24,526  INFO RuleTest:82 - kp [Package name=br.ufes.inf.lprm.scene.base] rule OnGoingSituation
14:17:24,526  INFO RuleTest:82 - kp [Package name=br.ufes.inf.lprm.scene.base] rule SituationType
14:17:24,526  INFO RuleTest:82 - kp [Package name=br.ufes.inf.lprm.scene.base] rule SituationActivation
14:17:24,526  INFO RuleTest:82 - kp [Package name=br.ufes.inf.lprm.scene.base] rule SituationDeactivation
14:17:24,526  INFO RuleTest:86 - Creating kieSession
14:17:24,630 DEBUG Reflections:186 - going to scan these urls:
file:/C:/Users/luisr/.m2/repository/org/jbpm/jbpm-human-task-workitems/6.5.0.Final/jbpm-human-task-workitems-6.5.0.Final.jar
file:/C:/Program%20Files/Java/jre1.8.0_121/lib/ext/jfxrt.jar
file:/C:/Users/luisr/.m2/repository/org/drools/drools-core/6.5.0.Final/drools-core-6.5.0.Final.jar
file:/C:/Program%20Files/Java/jre1.8.0_121/lib/ext/zipfs.jar
file:/C:/Users/luisr/.m2/repository/org/jboss/spec/javax/transaction/jboss-transaction-api_1.1_spec/1.0.1.Final/jboss-transaction-api_1.1_spec-1.0.1.Final.jar
file:/C:/Users/luisr/.m2/repository/commons-codec/commons-codec/1.4/commons-codec-1.4.jar
file:/C:/Users/luisr/.m2/repository/org/drools/drools-persistence-jpa/6.5.0.Final/drools-persistence-jpa-6.5.0.Final.jar
file:/C:/Users/luisr/.m2/repository/br/ufes/inf/lprm/scene-core/1.1.1/scene-core-1.1.1.jar
file:/C:/Users/luisr/.m2/repository/org/eclipse/jdt/core/compiler/ecj/4.4.2/ecj-4.4.2.jar
file:/C:/Users/luisr/.m2/repository/org/jbpm/jbpm-human-task-jpa/6.5.0.Final/jbpm-human-task-jpa-6.5.0.Final.jar
file:/C:/Users/luisr/.m2/repository/xpp3/xpp3_min/1.1.4c/xpp3_min-1.1.4c.jar
file:/C:/Program%20Files/Java/jre1.8.0_121/lib/ext/sunec.jar
file:/C:/Program%20Files/Java/jre1.8.0_121/lib/ext/access-bridge-64.jar
file:/C:/Program%20Files/Java/jre1.8.0_121/lib/ext/sunjce_provider.jar
file:/C:/Program%20Files/Java/jre1.8.0_121/lib/ext/sunmscapi.jar
file:/C:/Users/luisr/.m2/repository/dom4j/dom4j/1.6.1/dom4j-1.6.1.jar
file:/C:/Users/luisr/.m2/repository/org/jbpm/jbpm-human-task-core/6.5.0.Final/jbpm-human-task-core-6.5.0.Final.jar
file:/C:/Users/luisr/.m2/repository/org/javassist/javassist/3.18.1-GA/javassist-3.18.1-GA.jar
file:/C:/Users/luisr/.m2/repository/org/jbpm/jbpm-persistence-jpa/6.5.0.Final/jbpm-persistence-jpa-6.5.0.Final.jar
file:/C:/Users/luisr/.m2/repository/org/jbpm/jbpm-flow-builder/6.5.0.Final/jbpm-flow-builder-6.5.0.Final.jar
file:/C:/Users/luisr/workspace/botox-drugs-scenario/target/classes/
file:/C:/Users/luisr/.m2/repository/xml-apis/xml-apis/1.0.b2/xml-apis-1.0.b2.jar
file:/C:/Users/luisr/.m2/repository/org/jbpm/jbpm-bpmn2/6.5.0.Final/jbpm-bpmn2-6.5.0.Final.jar
file:/C:/Users/luisr/.m2/repository/org/kie/kie-internal/6.5.0.Final/kie-internal-6.5.0.Final.jar
file:/C:/Users/luisr/.m2/repository/javax/activation/activation/1.1.1/activation-1.1.1.jar
file:/C:/Users/luisr/.m2/repository/org/jbpm/jbpm-query-jpa/6.5.0.Final/jbpm-query-jpa-6.5.0.Final.jar
file:/C:/Program%20Files/Java/jre1.8.0_121/lib/ext/sunpkcs11.jar
file:/C:/Users/luisr/.m2/repository/org/mvel/mvel2/2.2.8.Final/mvel2-2.2.8.Final.jar
file:/C:/Users/luisr/.m2/repository/org/jbpm/jbpm-audit/6.5.0.Final/jbpm-audit-6.5.0.Final.jar
file:/C:/Program%20Files/Java/jre1.8.0_121/lib/ext/cldrdata.jar
file:/C:/Users/luisr/.m2/repository/log4j/log4j/1.2.17/log4j-1.2.17.jar
file:/C:/Users/luisr/.m2/repository/com/thoughtworks/xstream/xstream/1.4.9/xstream-1.4.9.jar
file:/C:/Users/luisr/.m2/repository/joda-time/joda-time/1.6.2/joda-time-1.6.2.jar
file:/C:/Users/luisr/.m2/repository/org/jbpm/jbpm-flow/6.5.0.Final/jbpm-flow-6.5.0.Final.jar
file:/C:/Program%20Files/Java/jre1.8.0_121/lib/ext/jaccess.jar
file:/C:/Eclipse/configuration/org.eclipse.osgi/214/0/.cp/
file:/C:/Users/luisr/.m2/repository/org/codehaus/jackson/jackson-mapper-asl/1.9.9/jackson-mapper-asl-1.9.9.jar
file:/C:/Users/luisr/workspace/botox-drugs-scenario/target/test-classes/
file:/C:/Users/luisr/.m2/repository/org/codehaus/jackson/jackson-core-asl/1.9.9/jackson-core-asl-1.9.9.jar
file:/C:/Users/luisr/.m2/repository/com/google/guava/guava/15.0/guava-15.0.jar
file:/C:/Users/luisr/.m2/repository/org/antlr/antlr-runtime/3.5/antlr-runtime-3.5.jar
file:/C:/Users/luisr/.m2/repository/com/google/protobuf/protobuf-java/2.6.0/protobuf-java-2.6.0.jar
file:/C:/Program%20Files/Java/jre1.8.0_121/lib/ext/nashorn.jar
file:/C:/Users/luisr/.m2/repository/org/drools/drools-compiler/6.5.0.Final/drools-compiler-6.5.0.Final.jar
file:/C:/Users/luisr/.m2/repository/javax/mail/mail/1.4.5/mail-1.4.5.jar
file:/C:/Users/luisr/.m2/repository/org/scala-lang/scala-library/2.11.7/scala-library-2.11.7.jar
file:/C:/Users/luisr/.m2/repository/org/jbpm/jbpm-runtime-manager/6.5.0.Final/jbpm-runtime-manager-6.5.0.Final.jar
file:/C:/Users/luisr/.m2/repository/org/jbpm/jbpm-human-task-audit/6.5.0.Final/jbpm-human-task-audit-6.5.0.Final.jar
file:/C:/Users/luisr/.m2/repository/org/reflections/reflections/0.9.10/reflections-0.9.10.jar
file:/C:/Users/luisr/.m2/repository/com/google/code/findbugs/annotations/2.0.1/annotations-2.0.1.jar
file:/C:/Program%20Files/Java/jre1.8.0_121/lib/ext/dns_sd.jar
file:/C:/Program%20Files/Java/jre1.8.0_121/lib/ext/dnsns.jar
file:/C:/Users/luisr/.m2/repository/org/jboss/spec/javax/annotation/jboss-annotations-api_1.1_spec/1.0.1.Final/jboss-annotations-api_1.1_spec-1.0.1.Final.jar
file:/C:/Users/luisr/.m2/repository/org/hamcrest/hamcrest-core/1.3/hamcrest-core-1.3.jar
file:/C:/Users/luisr/.m2/repository/org/kie/kie-api/6.5.0.Final/kie-api-6.5.0.Final.jar
file:/C:/Users/luisr/.m2/repository/org/slf4j/slf4j-log4j12/1.7.2/slf4j-log4j12-1.7.2.jar
file:/C:/Users/luisr/.m2/repository/org/eclipse/aether/aether-api/1.0.0.v20140518/aether-api-1.0.0.v20140518.jar
file:/C:/Users/luisr/.m2/repository/com/google/code/gson/gson/2.7/gson-2.7.jar
file:/C:/Users/luisr/.m2/repository/xmlpull/xmlpull/1.1.3.1/xmlpull-1.1.3.1.jar
file:/C:/Users/luisr/.m2/repository/junit/junit/4.12/junit-4.12.jar
file:/C:/Users/luisr/.m2/repository/org/hibernate/javax/persistence/hibernate-jpa-2.0-api/1.0.1.Final/hibernate-jpa-2.0-api-1.0.1.Final.jar
file:/C:/Program%20Files/Java/jre1.8.0_121/lib/ext/localedata.jar
file:/C:/Eclipse/configuration/org.eclipse.osgi/215/0/.cp/
file:/C:/Users/luisr/.m2/repository/br/ufes/inf/lprm/situation-model/1.0.0/situation-model-1.0.0.jar
file:/C:/Users/luisr/.m2/repository/org/slf4j/slf4j-api/1.7.2/slf4j-api-1.7.2.jar
14:17:24,948  INFO Reflections:229 - Reflections took 315 ms to scan 65 urls, producing 0 keys and 0 values 
14:17:24,963 DEBUG Reflections:186 - going to scan these urls:
file:/C:/Users/luisr/workspace/botox-drugs-scenario/target/test-classes/
file:/C:/Users/luisr/workspace/botox-drugs-scenario/target/classes/
14:17:25,004  INFO Reflections:229 - Reflections took 40 ms to scan 2 urls, producing 6 keys and 6 values 
14:17:25,005 DEBUG Reflections:186 - going to scan these urls:
jar:file:/C:/Users/luisr/.m2/repository/br/ufes/inf/lprm/scene-core/1.1.1/scene-core-1.1.1.jar!/
14:17:25,009  INFO Reflections:229 - Reflections took 3 ms to scan 1 urls, producing 4 keys and 4 values 
14:17:25,010 DEBUG Reflections:186 - going to scan these urls:
jar:file:/C:/Users/luisr/.m2/repository/br/ufes/inf/lprm/scene-core/1.1.1/scene-core-1.1.1.jar!/
14:17:25,018 DEBUG Reflections:254 - could not scan file br/ufes/inf/lprm/scene/base/SituationBaseRules.drl in url jar:file:/C:/Users/luisr/.m2/repository/br/ufes/inf/lprm/scene-core/1.1.1/scene-core-1.1.1.jar!/ with scanner TypeAnnotationsScanner
14:17:25,018 DEBUG Reflections:254 - could not scan file br/ufes/inf/lprm/scene/base/SituationBaseRules.drl in url jar:file:/C:/Users/luisr/.m2/repository/br/ufes/inf/lprm/scene-core/1.1.1/scene-core-1.1.1.jar!/ with scanner SubTypesScanner
14:17:25,020  INFO Reflections:229 - Reflections took 10 ms to scan 1 urls, producing 26 keys and 27 values 
14:17:25,021 DEBUG Reflections:186 - going to scan these urls:
jar:file:/C:/Users/luisr/.m2/repository/br/ufes/inf/lprm/situation-model/1.0.0/situation-model-1.0.0.jar!/
14:17:25,022  INFO Reflections:229 - Reflections took 1 ms to scan 1 urls, producing 3 keys and 4 values 
14:17:25,024 DEBUG Reflections:186 - going to scan these urls:
file:/C:/Users/luisr/.m2/repository/org/jbpm/jbpm-human-task-workitems/6.5.0.Final/jbpm-human-task-workitems-6.5.0.Final.jar
file:/C:/Program%20Files/Java/jre1.8.0_121/lib/ext/jfxrt.jar
file:/C:/Users/luisr/.m2/repository/org/drools/drools-core/6.5.0.Final/drools-core-6.5.0.Final.jar
file:/C:/Program%20Files/Java/jre1.8.0_121/lib/ext/zipfs.jar
file:/C:/Users/luisr/.m2/repository/org/jboss/spec/javax/transaction/jboss-transaction-api_1.1_spec/1.0.1.Final/jboss-transaction-api_1.1_spec-1.0.1.Final.jar
file:/C:/Users/luisr/.m2/repository/commons-codec/commons-codec/1.4/commons-codec-1.4.jar
file:/C:/Users/luisr/.m2/repository/org/drools/drools-persistence-jpa/6.5.0.Final/drools-persistence-jpa-6.5.0.Final.jar
file:/C:/Users/luisr/.m2/repository/br/ufes/inf/lprm/scene-core/1.1.1/scene-core-1.1.1.jar
file:/C:/Users/luisr/.m2/repository/org/eclipse/jdt/core/compiler/ecj/4.4.2/ecj-4.4.2.jar
file:/C:/Users/luisr/.m2/repository/org/jbpm/jbpm-human-task-jpa/6.5.0.Final/jbpm-human-task-jpa-6.5.0.Final.jar
file:/C:/Users/luisr/.m2/repository/xpp3/xpp3_min/1.1.4c/xpp3_min-1.1.4c.jar
file:/C:/Program%20Files/Java/jre1.8.0_121/lib/ext/sunec.jar
file:/C:/Program%20Files/Java/jre1.8.0_121/lib/ext/access-bridge-64.jar
file:/C:/Program%20Files/Java/jre1.8.0_121/lib/ext/sunjce_provider.jar
file:/C:/Program%20Files/Java/jre1.8.0_121/lib/ext/sunmscapi.jar
file:/C:/Users/luisr/.m2/repository/dom4j/dom4j/1.6.1/dom4j-1.6.1.jar
file:/C:/Users/luisr/.m2/repository/org/jbpm/jbpm-human-task-core/6.5.0.Final/jbpm-human-task-core-6.5.0.Final.jar
file:/C:/Users/luisr/.m2/repository/org/javassist/javassist/3.18.1-GA/javassist-3.18.1-GA.jar
file:/C:/Users/luisr/.m2/repository/org/jbpm/jbpm-persistence-jpa/6.5.0.Final/jbpm-persistence-jpa-6.5.0.Final.jar
file:/C:/Users/luisr/.m2/repository/org/jbpm/jbpm-flow-builder/6.5.0.Final/jbpm-flow-builder-6.5.0.Final.jar
file:/C:/Users/luisr/workspace/botox-drugs-scenario/target/classes/
file:/C:/Users/luisr/.m2/repository/xml-apis/xml-apis/1.0.b2/xml-apis-1.0.b2.jar
file:/C:/Users/luisr/.m2/repository/org/jbpm/jbpm-bpmn2/6.5.0.Final/jbpm-bpmn2-6.5.0.Final.jar
file:/C:/Users/luisr/.m2/repository/org/kie/kie-internal/6.5.0.Final/kie-internal-6.5.0.Final.jar
file:/C:/Users/luisr/.m2/repository/javax/activation/activation/1.1.1/activation-1.1.1.jar
file:/C:/Users/luisr/.m2/repository/org/jbpm/jbpm-query-jpa/6.5.0.Final/jbpm-query-jpa-6.5.0.Final.jar
file:/C:/Program%20Files/Java/jre1.8.0_121/lib/ext/sunpkcs11.jar
file:/C:/Users/luisr/.m2/repository/org/mvel/mvel2/2.2.8.Final/mvel2-2.2.8.Final.jar
file:/C:/Users/luisr/.m2/repository/org/jbpm/jbpm-audit/6.5.0.Final/jbpm-audit-6.5.0.Final.jar
file:/C:/Program%20Files/Java/jre1.8.0_121/lib/ext/cldrdata.jar
file:/C:/Users/luisr/.m2/repository/log4j/log4j/1.2.17/log4j-1.2.17.jar
file:/C:/Users/luisr/.m2/repository/com/thoughtworks/xstream/xstream/1.4.9/xstream-1.4.9.jar
file:/C:/Users/luisr/.m2/repository/joda-time/joda-time/1.6.2/joda-time-1.6.2.jar
file:/C:/Users/luisr/.m2/repository/org/jbpm/jbpm-flow/6.5.0.Final/jbpm-flow-6.5.0.Final.jar
file:/C:/Program%20Files/Java/jre1.8.0_121/lib/ext/jaccess.jar
file:/C:/Eclipse/configuration/org.eclipse.osgi/214/0/.cp/
file:/C:/Users/luisr/.m2/repository/org/codehaus/jackson/jackson-mapper-asl/1.9.9/jackson-mapper-asl-1.9.9.jar
file:/C:/Users/luisr/workspace/botox-drugs-scenario/target/test-classes/
file:/C:/Users/luisr/.m2/repository/org/codehaus/jackson/jackson-core-asl/1.9.9/jackson-core-asl-1.9.9.jar
file:/C:/Users/luisr/.m2/repository/com/google/guava/guava/15.0/guava-15.0.jar
file:/C:/Users/luisr/.m2/repository/org/antlr/antlr-runtime/3.5/antlr-runtime-3.5.jar
file:/C:/Users/luisr/.m2/repository/com/google/protobuf/protobuf-java/2.6.0/protobuf-java-2.6.0.jar
file:/C:/Program%20Files/Java/jre1.8.0_121/lib/ext/nashorn.jar
file:/C:/Users/luisr/.m2/repository/org/drools/drools-compiler/6.5.0.Final/drools-compiler-6.5.0.Final.jar
file:/C:/Users/luisr/.m2/repository/javax/mail/mail/1.4.5/mail-1.4.5.jar
file:/C:/Users/luisr/.m2/repository/org/scala-lang/scala-library/2.11.7/scala-library-2.11.7.jar
file:/C:/Users/luisr/.m2/repository/org/jbpm/jbpm-runtime-manager/6.5.0.Final/jbpm-runtime-manager-6.5.0.Final.jar
file:/C:/Users/luisr/.m2/repository/org/jbpm/jbpm-human-task-audit/6.5.0.Final/jbpm-human-task-audit-6.5.0.Final.jar
file:/C:/Users/luisr/.m2/repository/org/reflections/reflections/0.9.10/reflections-0.9.10.jar
file:/C:/Users/luisr/.m2/repository/com/google/code/findbugs/annotations/2.0.1/annotations-2.0.1.jar
file:/C:/Program%20Files/Java/jre1.8.0_121/lib/ext/dns_sd.jar
file:/C:/Program%20Files/Java/jre1.8.0_121/lib/ext/dnsns.jar
file:/C:/Users/luisr/.m2/repository/org/jboss/spec/javax/annotation/jboss-annotations-api_1.1_spec/1.0.1.Final/jboss-annotations-api_1.1_spec-1.0.1.Final.jar
file:/C:/Users/luisr/.m2/repository/org/hamcrest/hamcrest-core/1.3/hamcrest-core-1.3.jar
file:/C:/Users/luisr/.m2/repository/org/kie/kie-api/6.5.0.Final/kie-api-6.5.0.Final.jar
file:/C:/Users/luisr/.m2/repository/org/slf4j/slf4j-log4j12/1.7.2/slf4j-log4j12-1.7.2.jar
file:/C:/Users/luisr/.m2/repository/org/eclipse/aether/aether-api/1.0.0.v20140518/aether-api-1.0.0.v20140518.jar
file:/C:/Users/luisr/.m2/repository/com/google/code/gson/gson/2.7/gson-2.7.jar
file:/C:/Users/luisr/.m2/repository/xmlpull/xmlpull/1.1.3.1/xmlpull-1.1.3.1.jar
file:/C:/Users/luisr/.m2/repository/junit/junit/4.12/junit-4.12.jar
file:/C:/Users/luisr/.m2/repository/org/hibernate/javax/persistence/hibernate-jpa-2.0-api/1.0.1.Final/hibernate-jpa-2.0-api-1.0.1.Final.jar
file:/C:/Program%20Files/Java/jre1.8.0_121/lib/ext/localedata.jar
file:/C:/Eclipse/configuration/org.eclipse.osgi/215/0/.cp/
file:/C:/Users/luisr/.m2/repository/br/ufes/inf/lprm/situation-model/1.0.0/situation-model-1.0.0.jar
file:/C:/Users/luisr/.m2/repository/org/slf4j/slf4j-api/1.7.2/slf4j-api-1.7.2.jar
14:17:25,106  INFO Reflections:229 - Reflections took 81 ms to scan 65 urls, producing 0 keys and 0 values 
14:17:25,109 DEBUG Reflections:186 - going to scan these urls:
jar:file:/C:/Users/luisr/.m2/repository/br/ufes/inf/lprm/scene-core/1.1.1/scene-core-1.1.1.jar!/
14:17:25,111  INFO Reflections:229 - Reflections took 1 ms to scan 1 urls, producing 5 keys and 5 values 
14:17:25,112 DEBUG Reflections:186 - going to scan these urls:
jar:file:/C:/Users/luisr/.m2/repository/br/ufes/inf/lprm/situation-model/1.0.0/situation-model-1.0.0.jar!/
14:17:25,113  INFO Reflections:229 - Reflections took 1 ms to scan 1 urls, producing 2 keys and 3 values 
14:17:25,118  INFO RuleTest:96 - Now running data
14:17:25,120 DEBUG SCENELogger:20 - INSERT - co.pextra.botox.Sensor@14bf57b2
14:17:25,120 DEBUG SCENELogger:20 - INSERT - co.pextra.botox.Sensor@bc4d5e1
14:17:25,120 DEBUG SCENELogger:20 - INSERT - co.pextra.botox.Sensor@3c6aa04a
14:17:25,120 DEBUG SCENELogger:20 - INSERT - co.pextra.botox.Sensor@2257fadf
14:17:25,121 DEBUG SCENELogger:20 - INSERT - co.pextra.botox.Sensor@7144655b
14:17:25,121  INFO RuleTest:152 - Final checks
